{"level":"info","module":"vpnctl","caller":"cmd/vpnctl/vpnctl.go:32","time":"2025-06-19T17:13:40+09:00","message":"Checking VPN status..."}
{"level":"info","module":"vpnctl","caller":"cmd/vpnctl/vpnctl.go:50","time":"2025-06-19T17:13:42+09:00","message":"VPN status retrieved successfully"}
{"level":"info","module":"vpnctl","caller":"cmd/vpnctl/vpnctl.go:245","time":"2025-06-19T17:14:02+09:00","message":"Initiating VPN connection using profile: dev"}
{"level":"info","module":"vpnctl","caller":"cmd/vpnctl/vpnctl.go:260","time":"2025-06-19T17:14:02+09:00","message":"Checking current VPN connection status..."}
{"level":"info","module":"vpnctl","caller":"cmd/vpnctl/vpnctl.go:213","time":"2025-06-19T17:14:04+09:00","message":"Killed Cisco Secure Client (PID 6937)"}
{"level":"info","module":"vpnctl","caller":"cmd/vpnctl/vpnctl.go:286","time":"2025-06-19T17:14:06+09:00","message":"Reading VPN profile script from (hidden path)"}
{"level":"info","module":"vpnctl","caller":"cmd/vpnctl/vpnctl.go:308","time":"2025-06-19T17:14:06+09:00","message":"Running VPN command with provided script"}
{"level":"info","module":"vpnctl","caller":"go_vpn/cmd/vpnctl/vpnctl.go:245","time":"2025-06-20T09:07:56+09:00","message":"Initiating VPN connection using profile: intra"}
{"level":"info","module":"vpnctl","caller":"go_vpn/cmd/vpnctl/vpnctl.go:260","time":"2025-06-20T09:07:56+09:00","message":"Checking current VPN connection status..."}
{"level":"warn","module":"vpnctl","caller":"go_vpn/cmd/vpnctl/vpnctl.go:201","time":"2025-06-20T09:07:59+09:00","message":"failed to find process: Cisco Secure Client%!(EXTRA *exec.ExitError=exit status 1)"}
{"level":"info","module":"vpnctl","caller":"go_vpn/cmd/vpnctl/vpnctl.go:286","time":"2025-06-20T09:08:01+09:00","message":"Reading VPN profile script from (hidden path)"}
{"level":"info","module":"vpnctl","caller":"go_vpn/cmd/vpnctl/vpnctl.go:308","time":"2025-06-20T09:08:01+09:00","message":"Running VPN command with provided script"}
{"level":"info","module":"vpnctl","caller":"go_vpn/cmd/vpnctl/vpnctl.go:185","time":"2025-06-20T09:08:58+09:00","message":"Launching Cisco Secure Client GUI..."}
{"level":"info","module":"vpnctl","caller":"go_vpn/cmd/vpnctl/vpnctl.go:190","time":"2025-06-20T09:08:59+09:00","message":"Cisco GUI launched"}
{"level":"info","module":"vpnctl","caller":"go_vpn/cmd/vpnctl/vpnctl.go:245","time":"2025-06-20T11:25:06+09:00","message":"Initiating VPN connection using profile: dev"}
{"level":"info","module":"vpnctl","caller":"go_vpn/cmd/vpnctl/vpnctl.go:260","time":"2025-06-20T11:25:06+09:00","message":"Checking current VPN connection status..."}
{"level":"info","module":"vpnctl","caller":"go_vpn/internal/middleware/middleware.go:163","time":"2025-06-20T11:25:08+09:00","message":"Last connected profile: intra"}
{"level":"info","module":"vpnctl","caller":"go_vpn/cmd/vpnctl/vpnctl.go:272","time":"2025-06-20T11:25:08+09:00","message":"Last connected VPN profile: intra"}
{"level":"info","module":"vpnctl","caller":"go_vpn/cmd/vpnctl/vpnctl.go:278","time":"2025-06-20T11:25:08+09:00","message":"VPN connected to profile intra, switching to dev..."}
{"level":"info","module":"vpnctl","caller":"go_vpn/cmd/vpnctl/vpnctl.go:117","time":"2025-06-20T11:25:08+09:00","message":"Attempting to disconnect VPN..."}
{"level":"info","module":"vpnctl","caller":"go_vpn/cmd/vpnctl/vpnctl.go:119","time":"2025-06-20T11:25:12+09:00","message":"VPN disconnected"}
{"level":"info","module":"vpnctl","caller":"go_vpn/cmd/vpnctl/vpnctl.go:121","time":"2025-06-20T11:25:12+09:00","message":"Cisco Secure Client process killed"}
{"level":"warn","module":"vpnctl","caller":"go_vpn/cmd/vpnctl/vpnctl.go:201","time":"2025-06-20T11:25:12+09:00","message":"failed to find process: Cisco Secure Client%!(EXTRA *exec.ExitError=exit status 1)"}
{"level":"info","module":"vpnctl","caller":"go_vpn/cmd/vpnctl/vpnctl.go:286","time":"2025-06-20T11:25:14+09:00","message":"Reading VPN profile script from (hidden path)"}
{"level":"info","module":"vpnctl","caller":"go_vpn/cmd/vpnctl/vpnctl.go:308","time":"2025-06-20T11:25:14+09:00","message":"Running VPN command with provided script"}
{"level":"info","module":"vpnctl","caller":"go_vpn/cmd/vpnctl/vpnctl.go:185","time":"2025-06-20T11:26:18+09:00","message":"Launching Cisco Secure Client GUI..."}
{"level":"info","module":"vpnctl","caller":"go_vpn/cmd/vpnctl/vpnctl.go:190","time":"2025-06-20T11:26:18+09:00","message":"Cisco GUI launched"}
{"level":"info","module":"vpnctl","caller":"go_vpn/cmd/vpnctl/vpnctl.go:245","time":"2025-06-20T13:53:20+09:00","message":"Initiating VPN connection using profile: dev"}
{"level":"info","module":"vpnctl","caller":"go_vpn/cmd/vpnctl/vpnctl.go:260","time":"2025-06-20T13:53:20+09:00","message":"Checking current VPN connection status..."}
{"level":"info","module":"vpnctl","caller":"go_vpn/cmd/vpnctl/vpnctl.go:213","time":"2025-06-20T13:53:22+09:00","message":"Killed Cisco Secure Client (PID 74434)"}
{"level":"info","module":"vpnctl","caller":"go_vpn/cmd/vpnctl/vpnctl.go:286","time":"2025-06-20T13:53:24+09:00","message":"Reading VPN profile script from (hidden path)"}
{"level":"info","module":"vpnctl","caller":"go_vpn/cmd/vpnctl/vpnctl.go:308","time":"2025-06-20T13:53:24+09:00","message":"Running VPN command with provided script"}
{"level":"info","module":"vpnctl","caller":"go_vpn/cmd/vpnctl/vpnctl.go:185","time":"2025-06-20T13:54:39+09:00","message":"Launching Cisco Secure Client GUI..."}
{"level":"info","module":"vpnctl","caller":"go_vpn/cmd/vpnctl/vpnctl.go:190","time":"2025-06-20T13:54:39+09:00","message":"Cisco GUI launched"}
{"level":"info","module":"vpnctl","caller":"go_vpn/cmd/vpnctl/vpnctl.go:245","time":"2025-06-23T09:11:53+09:00","message":"Initiating VPN connection using profile: intra"}
{"level":"info","module":"vpnctl","caller":"go_vpn/cmd/vpnctl/vpnctl.go:260","time":"2025-06-23T09:11:53+09:00","message":"Checking current VPN connection status..."}
{"level":"info","module":"vpnctl","caller":"go_vpn/cmd/vpnctl/vpnctl.go:213","time":"2025-06-23T09:11:55+09:00","message":"Killed Cisco Secure Client (PID 27854)"}
{"level":"info","module":"vpnctl","caller":"go_vpn/cmd/vpnctl/vpnctl.go:286","time":"2025-06-23T09:11:57+09:00","message":"Reading VPN profile script from (hidden path)"}
{"level":"info","module":"vpnctl","caller":"go_vpn/cmd/vpnctl/vpnctl.go:308","time":"2025-06-23T09:11:57+09:00","message":"Running VPN command with provided script"}
{"level":"info","module":"vpnctl","caller":"go_vpn/cmd/vpnctl/vpnctl.go:185","time":"2025-06-23T09:12:51+09:00","message":"Launching Cisco Secure Client GUI..."}
{"level":"info","module":"vpnctl","caller":"go_vpn/cmd/vpnctl/vpnctl.go:190","time":"2025-06-23T09:12:52+09:00","message":"Cisco GUI launched"}
{"level":"info","module":"vpnctl","caller":"go_vpn/cmd/vpnctl/vpnctl.go:69","time":"2025-06-23T11:17:12+09:00","message":"Attempting to disconnect VPN..."}
{"level":"info","module":"vpnctl","caller":"go_vpn/cmd/vpnctl/vpnctl.go:71","time":"2025-06-23T11:17:14+09:00","message":"VPN disconnected"}
{"level":"info","module":"vpnctl","caller":"go_vpn/cmd/vpnctl/vpnctl.go:75","time":"2025-06-23T11:17:14+09:00","message":"Cisco Secure Client UI process killed"}
{"level":"info","module":"vpnctl","caller":"go_vpn/cmd/vpnctl/vpnctl.go:95","time":"2025-06-23T11:17:14+09:00","message":"Skipping vpnagentd process (PID 523)"}
{"level":"info","module":"vpnctl","caller":"go_vpn/cmd/vpnctl/vpnctl.go:113","time":"2025-06-23T11:17:14+09:00","message":"VPN disconnected and related processes (excluding vpnagentd) killed"}
{"level":"error","module":"vpnctl","caller":"github.com/goo-apps/vpnctl/main.go:74","time":"2025-06-23T16:14:37+09:00","message":"Failed to initialize database: failed to create table: Binary was compiled with 'CGO_ENABLED=0', go-sqlite3 requires cgo to work. This is a stub"}
{"level":"warn","module":"vpnctl","caller":"github.com/goo-apps/vpnctl/internal/handler/credential.go:131","time":"2025-06-23T16:43:31+09:00","message":"Your credential has been removed from keyring!!"}
{"level":"info","module":"vpnctl","caller":"github.com/goo-apps/vpnctl/cmd/vpnctl/vpnctl.go:245","time":"2025-06-23T16:43:50+09:00","message":"Initiating VPN connection using profile: intra"}
{"level":"info","module":"vpnctl","caller":"github.com/goo-apps/vpnctl/cmd/vpnctl/vpnctl.go:260","time":"2025-06-23T16:43:50+09:00","message":"Checking current VPN connection status..."}
{"level":"warn","module":"vpnctl","caller":"github.com/goo-apps/vpnctl/cmd/vpnctl/vpnctl.go:201","time":"2025-06-23T16:43:52+09:00","message":"failed to find process: Cisco Secure Client%!(EXTRA *exec.ExitError=exit status 1)"}
{"level":"info","module":"vpnctl","caller":"github.com/goo-apps/vpnctl/cmd/vpnctl/vpnctl.go:286","time":"2025-06-23T16:43:54+09:00","message":"Reading VPN profile script from (hidden path)"}
{"level":"info","module":"vpnctl","caller":"github.com/goo-apps/vpnctl/cmd/vpnctl/vpnctl.go:308","time":"2025-06-23T16:43:54+09:00","message":"Running VPN command with provided script"}
{"level":"info","module":"vpnctl","caller":"github.com/goo-apps/vpnctl/cmd/vpnctl/vpnctl.go:185","time":"2025-06-23T16:44:49+09:00","message":"Launching Cisco Secure Client GUI..."}
{"level":"info","module":"vpnctl","caller":"github.com/goo-apps/vpnctl/cmd/vpnctl/vpnctl.go:190","time":"2025-06-23T16:44:49+09:00","message":"Cisco GUI launched"}
{"level":"info","module":"vpnctl","caller":"go_vpn/logger/logger.go:100","time":"2025-06-23T16:50:02+09:00","message":"Initiating VPN connection using profile: intra"}
{"level":"info","module":"vpnctl","caller":"go_vpn/logger/logger.go:100","time":"2025-06-23T16:50:02+09:00","message":"Checking current VPN connection status..."}
{"level":"info","module":"vpnctl","caller":"go_vpn/logger/logger.go:100","time":"2025-06-23T16:50:04+09:00","message":"Last connected profile: intra"}
{"level":"info","module":"vpnctl","caller":"go_vpn/logger/logger.go:100","time":"2025-06-23T16:50:04+09:00","message":"Last connected VPN profile: intra"}
{"level":"info","module":"vpnctl","caller":"go_vpn/logger/logger.go:100","time":"2025-06-23T16:50:04+09:00","message":"VPN already connected to profile: intra. Aborting connect operation."}
{"level":"info","module":"vpnctl","caller":"go_vpn/cmd/vpnctl/vpnctl.go:233","time":"2025-06-23T16:50:47+09:00","message":"Initiating VPN connection using profile: intra"}
{"level":"info","module":"vpnctl","caller":"go_vpn/cmd/vpnctl/vpnctl.go:233","time":"2025-06-23T16:50:47+09:00","message":"Checking current VPN connection status..."}
{"level":"info","module":"vpnctl","caller":"go_vpn/main.go:105","time":"2025-06-23T16:51:06+09:00","message":"Initiating VPN connection using profile: intra"}
{"level":"info","module":"vpnctl","caller":"go_vpn/main.go:105","time":"2025-06-23T16:51:06+09:00","message":"Checking current VPN connection status..."}
{"level":"info","module":"vpnctl","caller":"../../usr/local/go/src/runtime/proc.go:283","time":"2025-06-23T16:51:35+09:00","message":"Initiating VPN connection using profile: intra"}
{"level":"info","module":"vpnctl","caller":"../../usr/local/go/src/runtime/proc.go:283","time":"2025-06-23T16:51:35+09:00","message":"Checking current VPN connection status..."}
{"level":"info","module":"vpnctl","caller":"go_vpn/main.go:105","time":"2025-06-23T16:51:54+09:00","message":"Initiating VPN connection using profile: intra"}
{"level":"info","module":"vpnctl","caller":"go_vpn/main.go:105","time":"2025-06-23T16:51:54+09:00","message":"Checking current VPN connection status..."}
{"level":"info","module":"vpnctl","caller":"go_vpn/logger/logger.go:73","time":"2025-06-23T16:52:12+09:00","message":"Initiating VPN connection using profile: intra"}
{"level":"info","module":"vpnctl","caller":"go_vpn/logger/logger.go:73","time":"2025-06-23T16:52:12+09:00","message":"Checking current VPN connection status..."}
{"level":"info","module":"vpnctl","caller":"../../usr/local/go/src/runtime/extern.go:304","time":"2025-06-23T16:52:26+09:00","message":"Initiating VPN connection using profile: intra"}
{"level":"info","module":"vpnctl","caller":"../../usr/local/go/src/runtime/extern.go:304","time":"2025-06-23T16:52:26+09:00","message":"Checking current VPN connection status..."}
{"level":"info","module":"vpnctl","caller":"vpnctl.go:245","time":"2025-06-23T16:54:32+09:00","message":"Initiating VPN connection using profile: intra"}
{"level":"info","module":"vpnctl","caller":"vpnctl.go:260","time":"2025-06-23T16:54:32+09:00","message":"Checking current VPN connection status..."}
{"level":"info","module":"vpnctl","caller":"middleware.go:164","time":"2025-06-23T16:54:34+09:00","message":"Last connected profile: intra"}
{"level":"info","module":"vpnctl","caller":"vpnctl.go:272","time":"2025-06-23T16:54:34+09:00","message":"Last connected VPN profile: intra"}
{"level":"info","module":"vpnctl","caller":"vpnctl.go:275","time":"2025-06-23T16:54:34+09:00","message":"VPN already connected to profile: intra. Aborting connect operation."}
{"level":"info","module":"vpnctl","caller":"vpnctl.go:245","time":"2025-06-23T16:54:43+09:00","message":"Initiating VPN connection using profile: dev"}
{"level":"info","module":"vpnctl","caller":"vpnctl.go:260","time":"2025-06-23T16:54:43+09:00","message":"Checking current VPN connection status..."}
{"level":"info","module":"vpnctl","caller":"middleware.go:164","time":"2025-06-23T16:54:45+09:00","message":"Last connected profile: intra"}
{"level":"info","module":"vpnctl","caller":"vpnctl.go:272","time":"2025-06-23T16:54:45+09:00","message":"Last connected VPN profile: intra"}
{"level":"info","module":"vpnctl","caller":"vpnctl.go:278","time":"2025-06-23T16:54:45+09:00","message":"VPN connected to profile intra, switching to dev..."}
{"level":"info","module":"vpnctl","caller":"vpnctl.go:117","time":"2025-06-23T16:54:45+09:00","message":"Attempting to disconnect VPN..."}
{"level":"info","module":"vpnctl","caller":"vpnctl.go:119","time":"2025-06-23T16:54:47+09:00","message":"VPN disconnected"}
{"level":"info","module":"vpnctl","caller":"vpnctl.go:121","time":"2025-06-23T16:54:47+09:00","message":"Cisco Secure Client process killed"}
{"level":"warn","module":"vpnctl","caller":"vpnctl.go:201","time":"2025-06-23T16:54:47+09:00","message":"failed to find process: Cisco Secure Client%!(EXTRA *exec.ExitError=exit status 1)"}
{"level":"info","module":"vpnctl","caller":"vpnctl.go:286","time":"2025-06-23T16:54:49+09:00","message":"Reading VPN profile script from (hidden path)"}
{"level":"info","module":"vpnctl","caller":"vpnctl.go:308","time":"2025-06-23T16:54:49+09:00","message":"Running VPN command with provided script"}
{"level":"info","module":"vpnctl","caller":"vpnctl.go:185","time":"2025-06-23T16:56:13+09:00","message":"Launching Cisco Secure Client GUI..."}
{"level":"info","module":"vpnctl","caller":"vpnctl.go:190","time":"2025-06-23T16:56:13+09:00","message":"Cisco GUI launched"}
{"level":"info","module":"vpnctl","caller":"vpnctl.go:245","time":"2025-06-23T17:05:19+09:00","message":"Initiating VPN connection using profile: intra"}
{"level":"info","module":"vpnctl","caller":"vpnctl.go:260","time":"2025-06-23T17:05:19+09:00","message":"Checking current VPN connection status..."}
{"level":"info","module":"vpnctl","caller":"vpnctl.go:213","time":"2025-06-23T17:05:21+09:00","message":"Killed Cisco Secure Client (PID 78794)"}
{"level":"info","module":"vpnctl","caller":"vpnctl.go:286","time":"2025-06-23T17:05:23+09:00","message":"Reading VPN profile script from (hidden path)"}
{"level":"info","module":"vpnctl","caller":"vpnctl.go:308","time":"2025-06-23T17:05:23+09:00","message":"Running VPN command with provided script"}
{"level":"info","module":"vpnctl","caller":"vpnctl.go:185","time":"2025-06-23T17:06:16+09:00","message":"Launching Cisco Secure Client GUI..."}
{"level":"info","module":"vpnctl","caller":"vpnctl.go:190","time":"2025-06-23T17:06:16+09:00","message":"Cisco GUI launched"}
{"level":"info","module":"vpnctl","caller":"vpnctl.go:185","time":"2025-06-23T17:06:49+09:00","message":"Launching Cisco Secure Client GUI..."}
{"level":"info","module":"vpnctl","caller":"vpnctl.go:190","time":"2025-06-23T17:06:49+09:00","message":"Cisco GUI launched"}
{"level":"info","module":"vpnctl","caller":"vpnctl.go:130","time":"2025-06-23T17:06:57+09:00","message":"Killing Cisco Secure Client GUI..."}
{"level":"info","module":"vpnctl","caller":"vpnctl.go:132","time":"2025-06-23T17:06:57+09:00","message":"Cisco GUI killed"}
{"level":"info","module":"vpnctl","caller":"vpnctl.go:145","time":"2025-06-23T17:06:57+09:00","message":"Killing VPN process with PID 523"}
{"level":"error","module":"vpnctl","caller":"vpnctl.go:148","time":"2025-06-23T17:06:57+09:00","message":"killing VPN process 523%!(EXTRA syscall.Errno=operation not permitted)"}
{"level":"info","module":"vpnctl","caller":"vpnctl.go:151","time":"2025-06-23T17:06:57+09:00","message":"VPN processes killed"}
{"level":"info","module":"vpnctl","caller":"vpnctl.go:185","time":"2025-06-23T17:07:04+09:00","message":"Launching Cisco Secure Client GUI..."}
{"level":"info","module":"vpnctl","caller":"vpnctl.go:190","time":"2025-06-23T17:07:04+09:00","message":"Cisco GUI launched"}
{"level":"info","module":"vpnctl","caller":"vpnctl.go:32","time":"2025-06-23T17:07:15+09:00","message":"Checking VPN status..."}
{"level":"info","module":"vpnctl","caller":"vpnctl.go:50","time":"2025-06-23T17:07:17+09:00","message":"VPN status retrieved successfully"}
{"level":"warn","module":"vpnctl","caller":"credential.go:131","time":"2025-06-23T17:23:46+09:00","message":"Your credential has been removed from keyring!!"}
{"level":"fatal","module":"vpnctl","caller":"main.go:130","time":"2025-06-23T17:24:00+09:00","message":"Failed to fetch credential from keyring: secret not found in keyring"}
{"level":"info","module":"vpnctl","caller":"vpnctl.go:32","time":"2025-06-23T17:24:04+09:00","message":"Checking VPN status..."}
{"level":"info","module":"vpnctl","caller":"vpnctl.go:50","time":"2025-06-23T17:24:06+09:00","message":"VPN status retrieved successfully"}
{"level":"error","module":"vpnctl","caller":"middleware.go:121","time":"2025-06-23T17:24:12+09:00","message":"Error fetching expiry: SQL logic error: no such column: expiry_date (1)"}
{"level":"error","module":"vpnctl","caller":"middleware.go:121","time":"2025-06-23T17:25:23+09:00","message":"Error fetching expiry: sql: no rows in result set"}
{"level":"info","module":"vpnctl","caller":"vpnctl.go:245","time":"2025-06-23T17:27:16+09:00","message":"Initiating VPN connection using profile: intra"}
{"level":"info","module":"vpnctl","caller":"vpnctl.go:260","time":"2025-06-23T17:27:16+09:00","message":"Checking current VPN connection status..."}
{"level":"error","module":"vpnctl","caller":"credential.go:131","time":"2025-06-23T17:27:16+09:00","message":"failed to set expiry: SQL logic error: table vpn_user_credential has no column named expiry_date (1)"}
{"level":"info","module":"vpnctl","caller":"vpnctl.go:272","time":"2025-06-23T17:27:18+09:00","message":"Last connected VPN profile: intra"}
{"level":"info","module":"vpnctl","caller":"vpnctl.go:275","time":"2025-06-23T17:27:18+09:00","message":"VPN already connected to profile: intra. Aborting connect operation."}
{"level":"info","module":"vpnctl","caller":"vpnctl.go:245","time":"2025-06-23T17:28:25+09:00","message":"Initiating VPN connection using profile: intra"}
{"level":"info","module":"vpnctl","caller":"vpnctl.go:260","time":"2025-06-23T17:28:25+09:00","message":"Checking current VPN connection status..."}
{"level":"info","module":"vpnctl","caller":"vpnctl.go:272","time":"2025-06-23T17:28:27+09:00","message":"Last connected VPN profile: intra"}
{"level":"info","module":"vpnctl","caller":"vpnctl.go:275","time":"2025-06-23T17:28:27+09:00","message":"VPN already connected to profile: intra. Aborting connect operation."}
{"level":"info","module":"vpnctl","caller":"vpnctl.go:245","time":"2025-06-23T17:33:14+09:00","message":"Initiating VPN connection using profile: intra"}
{"level":"info","module":"vpnctl","caller":"vpnctl.go:260","time":"2025-06-23T17:33:14+09:00","message":"Checking current VPN connection status..."}
{"level":"error","module":"vpnctl","caller":"vpnctl.go:270","time":"2025-06-23T17:33:16+09:00","message":"retrieve error: scan error (maybe no profile stored yet): sql: no rows in result set"}
{"level":"info","module":"vpnctl","caller":"vpnctl.go:272","time":"2025-06-23T17:33:16+09:00","message":"Last connected VPN profile: "}
{"level":"info","module":"vpnctl","caller":"vpnctl.go:278","time":"2025-06-23T17:33:16+09:00","message":"VPN connected to profile , switching to intra..."}
{"level":"info","module":"vpnctl","caller":"vpnctl.go:117","time":"2025-06-23T17:33:16+09:00","message":"Attempting to disconnect VPN..."}
{"level":"info","module":"vpnctl","caller":"vpnctl.go:119","time":"2025-06-23T17:33:17+09:00","message":"VPN disconnected"}
{"level":"info","module":"vpnctl","caller":"vpnctl.go:121","time":"2025-06-23T17:33:17+09:00","message":"Cisco Secure Client process killed"}
{"level":"warn","module":"vpnctl","caller":"vpnctl.go:201","time":"2025-06-23T17:33:17+09:00","message":"failed to find process: Cisco Secure Client%!(EXTRA *exec.ExitError=exit status 1)"}
{"level":"info","module":"vpnctl","caller":"vpnctl.go:286","time":"2025-06-23T17:33:19+09:00","message":"Reading VPN profile script from (hidden path)"}
{"level":"info","module":"vpnctl","caller":"vpnctl.go:308","time":"2025-06-23T17:33:19+09:00","message":"Running VPN command with provided script"}
{"level":"info","module":"vpnctl","caller":"vpnctl.go:185","time":"2025-06-23T17:34:14+09:00","message":"Launching Cisco Secure Client GUI..."}
{"level":"info","module":"vpnctl","caller":"vpnctl.go:190","time":"2025-06-23T17:34:14+09:00","message":"Cisco GUI launched"}
{"level":"info","module":"vpnctl","caller":"vpnctl.go:245","time":"2025-06-23T17:38:02+09:00","message":"Initiating VPN connection using profile: intra"}
{"level":"info","module":"vpnctl","caller":"vpnctl.go:260","time":"2025-06-23T17:38:02+09:00","message":"Checking current VPN connection status..."}
{"level":"info","module":"vpnctl","caller":"vpnctl.go:272","time":"2025-06-23T17:38:04+09:00","message":"Last connected VPN profile: intra"}
{"level":"info","module":"vpnctl","caller":"vpnctl.go:275","time":"2025-06-23T17:38:04+09:00","message":"VPN already connected to profile: intra. Aborting connect operation."}
{"level":"info","module":"vpnctl","caller":"vpnctl.go:245","time":"2025-06-23T17:40:17+09:00","message":"Initiating VPN connection using profile: intra"}
{"level":"info","module":"vpnctl","caller":"vpnctl.go:260","time":"2025-06-23T17:40:17+09:00","message":"Checking current VPN connection status..."}
{"level":"warn","module":"vpnctl","caller":"vpnctl.go:270","time":"2025-06-23T17:40:20+09:00","message":"retrieve error: scan error (maybe no profile stored yet): sql: no rows in result set"}
{"level":"info","module":"vpnctl","caller":"vpnctl.go:272","time":"2025-06-23T17:40:20+09:00","message":"Last connected VPN profile: "}
{"level":"info","module":"vpnctl","caller":"vpnctl.go:278","time":"2025-06-23T17:40:20+09:00","message":"VPN connected to profile , switching to intra..."}
{"level":"info","module":"vpnctl","caller":"vpnctl.go:117","time":"2025-06-23T17:40:20+09:00","message":"Attempting to disconnect VPN..."}
{"level":"info","module":"vpnctl","caller":"vpnctl.go:119","time":"2025-06-23T17:40:21+09:00","message":"VPN disconnected"}
{"level":"info","module":"vpnctl","caller":"vpnctl.go:121","time":"2025-06-23T17:40:21+09:00","message":"Cisco Secure Client process killed"}
{"level":"warn","module":"vpnctl","caller":"vpnctl.go:201","time":"2025-06-23T17:40:21+09:00","message":"failed to find process: Cisco Secure Client%!(EXTRA *exec.ExitError=exit status 1)"}
{"level":"info","module":"vpnctl","caller":"vpnctl.go:286","time":"2025-06-23T17:40:23+09:00","message":"Reading VPN profile script from (hidden path)"}
{"level":"info","module":"vpnctl","caller":"vpnctl.go:308","time":"2025-06-23T17:40:23+09:00","message":"Running VPN command with provided script"}
{"level":"info","module":"vpnctl","caller":"vpnctl.go:185","time":"2025-06-23T17:41:16+09:00","message":"Launching Cisco Secure Client GUI..."}
{"level":"info","module":"vpnctl","caller":"vpnctl.go:190","time":"2025-06-23T17:41:16+09:00","message":"Cisco GUI launched"}
{"level":"info","module":"vpnctl","caller":"vpnctl.go:245","time":"2025-06-23T17:42:07+09:00","message":"Initiating VPN connection using profile: intra"}
{"level":"info","module":"vpnctl","caller":"vpnctl.go:260","time":"2025-06-23T17:42:07+09:00","message":"Checking current VPN connection status..."}
{"level":"info","module":"vpnctl","caller":"vpnctl.go:272","time":"2025-06-23T17:42:09+09:00","message":"Last connected VPN profile: intra"}
{"level":"info","module":"vpnctl","caller":"vpnctl.go:275","time":"2025-06-23T17:42:09+09:00","message":"VPN already connected to profile: intra. Aborting connect operation."}
{"level":"info","module":"vpnctl","caller":"vpnctl.go:245","time":"2025-06-23T17:42:13+09:00","message":"Initiating VPN connection using profile: dev"}
{"level":"info","module":"vpnctl","caller":"vpnctl.go:260","time":"2025-06-23T17:42:13+09:00","message":"Checking current VPN connection status..."}
{"level":"info","module":"vpnctl","caller":"vpnctl.go:272","time":"2025-06-23T17:42:15+09:00","message":"Last connected VPN profile: intra"}
{"level":"info","module":"vpnctl","caller":"vpnctl.go:278","time":"2025-06-23T17:42:15+09:00","message":"VPN connected to profile intra, switching to dev..."}
{"level":"info","module":"vpnctl","caller":"vpnctl.go:117","time":"2025-06-23T17:42:15+09:00","message":"Attempting to disconnect VPN..."}
{"level":"info","module":"vpnctl","caller":"vpnctl.go:32","time":"2025-06-23T17:42:28+09:00","message":"Checking VPN status..."}
{"level":"info","module":"vpnctl","caller":"vpnctl.go:50","time":"2025-06-23T17:42:30+09:00","message":"VPN status retrieved successfully"}
{"level":"info","module":"vpnctl","caller":"vpnctl.go:245","time":"2025-06-23T17:42:36+09:00","message":"Initiating VPN connection using profile: dev"}
{"level":"info","module":"vpnctl","caller":"vpnctl.go:260","time":"2025-06-23T17:42:36+09:00","message":"Checking current VPN connection status..."}
{"level":"info","module":"vpnctl","caller":"vpnctl.go:213","time":"2025-06-23T17:42:38+09:00","message":"Killed Cisco Secure Client (PID 8036)"}
{"level":"info","module":"vpnctl","caller":"vpnctl.go:286","time":"2025-06-23T17:42:40+09:00","message":"Reading VPN profile script from (hidden path)"}
{"level":"info","module":"vpnctl","caller":"vpnctl.go:308","time":"2025-06-23T17:42:40+09:00","message":"Running VPN command with provided script"}
{"level":"info","module":"vpnctl","caller":"vpnctl.go:185","time":"2025-06-23T17:43:50+09:00","message":"Launching Cisco Secure Client GUI..."}
{"level":"info","module":"vpnctl","caller":"vpnctl.go:190","time":"2025-06-23T17:43:50+09:00","message":"Cisco GUI launched"}
