Log file created at: 2025/06/12 21:54:47
Running on machine: JP-L6KC69XMXV
Binary: Built with gc go1.23.1 for darwin/amd64
Log line format: [IWEF]mmdd hh:mm:ss.uuuuuu threadid file:line] msg
I0612 21:54:47.677718   38595 logger.go:98] App started
W0612 21:54:47.684063   38595 logger.go:102] This is a warning
E0612 21:54:47.684080   38595 logger.go:106] This is an error
I0612 21:54:47.714727   38595 logger.go:98] Checking VPN status...
I0612 21:54:49.823233   38595 logger.go:98] VPN status retrieved successfully
Log file created at: 2025/06/12 21:59:15
Running on machine: JP-L6KC69XMXV
Binary: Built with gc go1.23.1 for darwin/amd64
Log line format: [IWEF]mmdd hh:mm:ss.uuuuuu threadid file:line] msg
I0612 21:59:15.513754   39822 logger.go:98] Checking VPN status...
I0612 21:59:17.636111   39822 logger.go:98] VPN status retrieved successfully
{"level":"info","module":"vpnctl","time":"2025-06-12T22:35:45+09:00","caller":"/Users/ts-rohan.das/go_vpn/logger/logger.go:197","message":"Checking VPN status..."}
{"level":"info","module":"vpnctl","time":"2025-06-12T22:35:47+09:00","caller":"/Users/ts-rohan.das/go_vpn/logger/logger.go:197","message":"VPN status retrieved successfully"}
{"level":"info","module":"vpnctl","time":"2025-06-12T22:47:46+09:00","caller":"/Users/ts-rohan.das/go_vpn/logger/logger.go:197","message":"Initiating VPN connection using profile: intra"}
{"level":"error","module":"vpnctl","time":"2025-06-12T22:47:46+09:00","caller":"/Users/ts-rohan.das/go_vpn/logger/logger.go:209","message":"Error during fetching credential%!(EXTRA *errors.errorString=no credential found for user: ts-rohan.das)"}
{"level":"warn","module":"vpnctl","time":"2025-06-12T22:47:46+09:00","caller":"/Users/ts-rohan.das/go_vpn/logger/logger.go:205","message":"If you haven't set your credential yet, please use the /set-credential to register your credential; Check help for more information!"}
{"level":"error","module":"vpnctl","time":"2025-06-12T22:47:46+09:00","caller":"/Users/ts-rohan.das/go_vpn/logger/logger.go:209","message":"reading credentials%!(EXTRA *errors.errorString=no credential found for user: ts-rohan.das)"}
{"level":"info","module":"vpnctl","time":"2025-06-13T00:52:10+09:00","caller":"/Users/ts-rohan.das/go_vpn/logger/logger.go:196","message":"Initiating VPN connection using profile: intra"}
{"level":"error","module":"vpnctl","time":"2025-06-13T00:52:10+09:00","caller":"/Users/ts-rohan.das/go_vpn/logger/logger.go:208","message":"Error during fetching credential no credential found for user: ts-rohan.das"}
{"level":"warn","module":"vpnctl","time":"2025-06-13T00:52:10+09:00","caller":"/Users/ts-rohan.das/go_vpn/logger/logger.go:204","message":"If you haven't set your credential yet, please use the /set-credential to register your credential; Check help for more information!"}
{"level":"error","module":"vpnctl","time":"2025-06-13T00:52:10+09:00","caller":"/Users/ts-rohan.das/go_vpn/logger/logger.go:208","message":"reading credentials%!(EXTRA *errors.errorString=no credential found for user: ts-rohan.das)"}
{"level":"info","module":"vpnctl","time":"2025-06-13T00:57:30+09:00","caller":"/Users/ts-rohan.das/go_vpn/logger/logger.go:196","message":"Initiating VPN connection using profile: intra"}
{"level":"info","module":"vpnctl","time":"2025-06-13T00:57:30+09:00","caller":"/Users/ts-rohan.das/go_vpn/logger/logger.go:196","message":"Checking current VPN connection status..."}
{"level":"error","module":"vpnctl","time":"2025-06-13T00:57:32+09:00","caller":"/Users/ts-rohan.das/go_vpn/logger/logger.go:208","message":"failed to find process: Cisco Secure Client%!(EXTRA *exec.ExitError=exit status 1)"}
{"level":"info","module":"vpnctl","time":"2025-06-13T00:57:34+09:00","caller":"/Users/ts-rohan.das/go_vpn/logger/logger.go:196","message":"Reading VPN profile script from (hidden path)"}
{"level":"info","module":"vpnctl","time":"2025-06-13T00:57:34+09:00","caller":"/Users/ts-rohan.das/go_vpn/logger/logger.go:196","message":"Running VPN command with provided script"}
{"level":"info","module":"vpnctl","time":"2025-06-13T00:58:42+09:00","caller":"/Users/ts-rohan.das/go_vpn/logger/logger.go:196","message":"Launching Cisco Secure Client GUI..."}
{"level":"info","module":"vpnctl","time":"2025-06-13T00:58:42+09:00","caller":"/Users/ts-rohan.das/go_vpn/logger/logger.go:196","message":"Cisco GUI launched"}
{"level":"info","module":"vpnctl","time":"2025-06-13T01:12:48+09:00","caller":"/Users/ts-rohan.das/go_vpn/logger/logger.go:196","message":"Attempting to disconnect VPN..."}
{"level":"info","module":"vpnctl","time":"2025-06-13T01:12:49+09:00","caller":"/Users/ts-rohan.das/go_vpn/logger/logger.go:196","message":"VPN disconnected"}
{"level":"info","module":"vpnctl","time":"2025-06-13T01:12:49+09:00","caller":"/Users/ts-rohan.das/go_vpn/logger/logger.go:196","message":"Cisco Secure Client process killed"}
{"level":"info","module":"vpnctl","time":"2025-06-13T01:12:49+09:00","caller":"/Users/ts-rohan.das/go_vpn/logger/logger.go:196","message":"Killing VPN process with PID 539"}
{"level":"error","module":"vpnctl","time":"2025-06-13T01:12:49+09:00","caller":"/Users/ts-rohan.das/go_vpn/logger/logger.go:208","message":"killing VPN process 539%!(EXTRA syscall.Errno=operation not permitted)"}
{"level":"info","module":"vpnctl","time":"2025-06-13T01:12:49+09:00","caller":"/Users/ts-rohan.das/go_vpn/logger/logger.go:196","message":"VPN disconnected and related processes killed"}
{"level":"info","module":"vpnctl","time":"2025-06-13T13:08:40+09:00","caller":"/Users/ts-rohan.das/go_vpn/logger/logger.go:196","message":"Attempting to disconnect VPN..."}
{"level":"info","module":"vpnctl","time":"2025-06-13T13:08:42+09:00","caller":"/Users/ts-rohan.das/go_vpn/logger/logger.go:196","message":"VPN disconnected"}
{"level":"info","module":"vpnctl","time":"2025-06-13T13:08:42+09:00","caller":"/Users/ts-rohan.das/go_vpn/logger/logger.go:196","message":"Cisco Secure Client process killed"}
{"level":"info","module":"vpnctl","time":"2025-06-13T13:08:42+09:00","caller":"/Users/ts-rohan.das/go_vpn/logger/logger.go:196","message":"Killing VPN process with PID 539"}
{"level":"error","module":"vpnctl","time":"2025-06-13T13:08:42+09:00","caller":"/Users/ts-rohan.das/go_vpn/logger/logger.go:208","message":"killing VPN process 539%!(EXTRA syscall.Errno=operation not permitted)"}
{"level":"info","module":"vpnctl","time":"2025-06-13T13:08:42+09:00","caller":"/Users/ts-rohan.das/go_vpn/logger/logger.go:196","message":"VPN disconnected and related processes killed"}
{"level":"info","module":"vpnctl","time":"2025-06-13T13:09:49+09:00","caller":"logger.go:200","message":"Attempting to disconnect VPN..."}
{"level":"info","module":"vpnctl","time":"2025-06-13T13:09:51+09:00","caller":"logger.go:200","message":"VPN disconnected"}
{"level":"info","module":"vpnctl","time":"2025-06-13T13:09:51+09:00","caller":"logger.go:200","message":"Cisco Secure Client process killed"}
{"level":"info","module":"vpnctl","time":"2025-06-13T13:09:51+09:00","caller":"logger.go:200","message":"Killing VPN process with PID 539"}
{"level":"error","module":"vpnctl","time":"2025-06-13T13:09:51+09:00","caller":"logger.go:212","message":"killing VPN process 539%!(EXTRA syscall.Errno=operation not permitted)"}
{"level":"info","module":"vpnctl","time":"2025-06-13T13:09:51+09:00","caller":"logger.go:200","message":"VPN disconnected and related processes killed"}
{"level":"info","module":"vpnctl","caller":"vpnctl.go:73","time":"2025-06-13T13:16:54+09:00","message":"Attempting to disconnect VPN..."}
{"level":"info","module":"vpnctl","caller":"vpnctl.go:75","time":"2025-06-13T13:16:56+09:00","message":"VPN disconnected"}
{"level":"info","module":"vpnctl","caller":"vpnctl.go:77","time":"2025-06-13T13:16:56+09:00","message":"Cisco Secure Client process killed"}
{"level":"info","module":"vpnctl","caller":"vpnctl.go:91","time":"2025-06-13T13:16:56+09:00","message":"Killing VPN process with PID 539"}
{"level":"error","module":"vpnctl","caller":"vpnctl.go:94","time":"2025-06-13T13:16:56+09:00","message":"killing VPN process 539%!(EXTRA syscall.Errno=operation not permitted)"}
{"level":"info","module":"vpnctl","caller":"vpnctl.go:97","time":"2025-06-13T13:16:56+09:00","message":"VPN disconnected and related processes killed"}
{"level":"info","module":"vpnctl","caller":"main.go:78","time":"2025-06-13T13:21:28+09:00","message":"Attempting to disconnect VPN..."}
{"level":"info","module":"vpnctl","caller":"main.go:78","time":"2025-06-13T13:21:31+09:00","message":"VPN disconnected"}
{"level":"info","module":"vpnctl","caller":"main.go:78","time":"2025-06-13T13:21:31+09:00","message":"Cisco Secure Client process killed"}
{"level":"info","module":"vpnctl","caller":"main.go:78","time":"2025-06-13T13:21:31+09:00","message":"Killing VPN process with PID 539"}
{"level":"error","module":"vpnctl","caller":"main.go:78","time":"2025-06-13T13:21:31+09:00","message":"killing VPN process 539%!(EXTRA syscall.Errno=operation not permitted)"}
{"level":"info","module":"vpnctl","caller":"main.go:78","time":"2025-06-13T13:21:31+09:00","message":"VPN disconnected and related processes killed"}
{"level":"info","module":"vpnctl","caller":"proc.go:272","time":"2025-06-13T13:21:51+09:00","message":"Attempting to disconnect VPN..."}
{"level":"info","module":"vpnctl","caller":"proc.go:272","time":"2025-06-13T13:21:53+09:00","message":"VPN disconnected"}
{"level":"info","module":"vpnctl","caller":"proc.go:272","time":"2025-06-13T13:21:53+09:00","message":"Cisco Secure Client process killed"}
{"level":"info","module":"vpnctl","caller":"proc.go:272","time":"2025-06-13T13:21:53+09:00","message":"Killing VPN process with PID 539"}
{"level":"error","module":"vpnctl","caller":"proc.go:272","time":"2025-06-13T13:21:53+09:00","message":"killing VPN process 539%!(EXTRA syscall.Errno=operation not permitted)"}
{"level":"info","module":"vpnctl","caller":"proc.go:272","time":"2025-06-13T13:21:53+09:00","message":"VPN disconnected and related processes killed"}
{"level":"info","module":"vpnctl","caller":"logger.go:176","time":"2025-06-13T13:22:07+09:00","message":"Attempting to disconnect VPN..."}
{"level":"info","module":"vpnctl","caller":"logger.go:176","time":"2025-06-13T13:22:09+09:00","message":"VPN disconnected"}
{"level":"info","module":"vpnctl","caller":"logger.go:176","time":"2025-06-13T13:22:09+09:00","message":"Cisco Secure Client process killed"}
{"level":"info","module":"vpnctl","caller":"logger.go:176","time":"2025-06-13T13:22:09+09:00","message":"Killing VPN process with PID 539"}
{"level":"error","module":"vpnctl","caller":"logger.go:182","time":"2025-06-13T13:22:09+09:00","message":"killing VPN process 539%!(EXTRA syscall.Errno=operation not permitted)"}
{"level":"info","module":"vpnctl","caller":"logger.go:176","time":"2025-06-13T13:22:09+09:00","message":"VPN disconnected and related processes killed"}
{"level":"info","module":"vpnctl","caller":"logger.go:176","time":"2025-06-13T13:22:25+09:00","message":"Attempting to disconnect VPN..."}
{"level":"info","module":"vpnctl","caller":"logger.go:176","time":"2025-06-13T13:22:27+09:00","message":"VPN disconnected"}
{"level":"info","module":"vpnctl","caller":"logger.go:176","time":"2025-06-13T13:22:27+09:00","message":"Cisco Secure Client process killed"}
{"level":"info","module":"vpnctl","caller":"logger.go:176","time":"2025-06-13T13:22:27+09:00","message":"Killing VPN process with PID 539"}
{"level":"error","module":"vpnctl","caller":"logger.go:182","time":"2025-06-13T13:22:27+09:00","message":"killing VPN process 539%!(EXTRA syscall.Errno=operation not permitted)"}
{"level":"info","module":"vpnctl","caller":"logger.go:176","time":"2025-06-13T13:22:27+09:00","message":"Killing VPN process with PID 25536"}
{"level":"info","module":"vpnctl","caller":"logger.go:176","time":"2025-06-13T13:22:27+09:00","message":"VPN disconnected and related processes killed"}
{"level":"info","module":"vpnctl","caller":"vpnctl.go:73","time":"2025-06-13T13:22:44+09:00","message":"Attempting to disconnect VPN..."}
{"level":"info","module":"vpnctl","caller":"vpnctl.go:75","time":"2025-06-13T13:22:46+09:00","message":"VPN disconnected"}
{"level":"info","module":"vpnctl","caller":"vpnctl.go:77","time":"2025-06-13T13:22:46+09:00","message":"Cisco Secure Client process killed"}
{"level":"info","module":"vpnctl","caller":"vpnctl.go:91","time":"2025-06-13T13:22:46+09:00","message":"Killing VPN process with PID 539"}
{"level":"error","module":"vpnctl","caller":"vpnctl.go:94","time":"2025-06-13T13:22:46+09:00","message":"killing VPN process 539%!(EXTRA syscall.Errno=operation not permitted)"}
{"level":"info","module":"vpnctl","caller":"vpnctl.go:97","time":"2025-06-13T13:22:46+09:00","message":"VPN disconnected and related processes killed"}
{"level":"info","module":"vpnctl","caller":"internal/vpnctl/vpnctl.go:73","time":"2025-06-13T13:24:39+09:00","message":"Attempting to disconnect VPN..."}
{"level":"info","module":"vpnctl","caller":"internal/vpnctl/vpnctl.go:75","time":"2025-06-13T13:24:41+09:00","message":"VPN disconnected"}
{"level":"info","module":"vpnctl","caller":"internal/vpnctl/vpnctl.go:77","time":"2025-06-13T13:24:41+09:00","message":"Cisco Secure Client process killed"}
{"level":"info","module":"vpnctl","caller":"internal/vpnctl/vpnctl.go:91","time":"2025-06-13T13:24:41+09:00","message":"Killing VPN process with PID 539"}
{"level":"error","module":"vpnctl","caller":"internal/vpnctl/vpnctl.go:94","time":"2025-06-13T13:24:41+09:00","message":"killing VPN process 539%!(EXTRA syscall.Errno=operation not permitted)"}
{"level":"info","module":"vpnctl","caller":"internal/vpnctl/vpnctl.go:97","time":"2025-06-13T13:24:41+09:00","message":"VPN disconnected and related processes killed"}
{"level":"info","module":"vpnctl","caller":"internal/vpnctl/vpnctl.go:74","time":"2025-06-13T14:51:15+09:00","message":"Attempting to disconnect VPN..."}
{"level":"info","module":"vpnctl","caller":"internal/vpnctl/vpnctl.go:76","time":"2025-06-13T14:51:17+09:00","message":"VPN disconnected"}
{"level":"info","module":"vpnctl","caller":"internal/vpnctl/vpnctl.go:78","time":"2025-06-13T14:51:17+09:00","message":"Cisco Secure Client process killed"}
{"level":"info","module":"vpnctl","caller":"internal/vpnctl/vpnctl.go:92","time":"2025-06-13T14:51:17+09:00","message":"Killing VPN process with PID 539"}
{"level":"error","module":"vpnctl","caller":"internal/vpnctl/vpnctl.go:95","time":"2025-06-13T14:51:17+09:00","message":"killing VPN process 539%!(EXTRA syscall.Errno=operation not permitted)"}
{"level":"info","module":"vpnctl","caller":"internal/vpnctl/vpnctl.go:92","time":"2025-06-13T14:51:17+09:00","message":"Killing VPN process with PID 29961"}
{"level":"info","module":"vpnctl","caller":"internal/vpnctl/vpnctl.go:98","time":"2025-06-13T14:51:17+09:00","message":"VPN disconnected and related processes killed"}
{"level":"info","module":"vpnctl","caller":"main.go:56","time":"2025-06-13T14:53:03+09:00","message":"/opt/cisco/secureclient/bin/vpn%!(EXTRA string= %s, string=/Applications/Cisco/Cisco Secure Client.app/)"}
{"level":"info","module":"vpnctl","caller":"internal/vpnctl/vpnctl.go:74","time":"2025-06-13T14:53:03+09:00","message":"Attempting to disconnect VPN..."}
{"level":"info","module":"vpnctl","caller":"internal/vpnctl/vpnctl.go:76","time":"2025-06-13T14:53:05+09:00","message":"VPN disconnected"}
{"level":"info","module":"vpnctl","caller":"internal/vpnctl/vpnctl.go:78","time":"2025-06-13T14:53:05+09:00","message":"Cisco Secure Client process killed"}
{"level":"info","module":"vpnctl","caller":"internal/vpnctl/vpnctl.go:92","time":"2025-06-13T14:53:05+09:00","message":"Killing VPN process with PID 539"}
{"level":"error","module":"vpnctl","caller":"internal/vpnctl/vpnctl.go:95","time":"2025-06-13T14:53:05+09:00","message":"killing VPN process 539%!(EXTRA syscall.Errno=operation not permitted)"}
{"level":"info","module":"vpnctl","caller":"internal/vpnctl/vpnctl.go:98","time":"2025-06-13T14:53:05+09:00","message":"VPN disconnected and related processes killed"}
{"level":"info","module":"vpnctl","caller":"main.go:56","time":"2025-06-13T15:02:08+09:00","message":"/opt/cisco/secureclient/bin/vpn%!(EXTRA string= %s, string=/Applications/Cisco/Cisco Secure Client.app/)"}
{"level":"info","module":"vpnctl","caller":"internal/vpnctl/vpnctl.go:74","time":"2025-06-13T15:02:08+09:00","message":"Attempting to disconnect VPN..."}
{"level":"info","module":"vpnctl","caller":"internal/vpnctl/vpnctl.go:76","time":"2025-06-13T15:02:08+09:00","message":"VPN disconnected"}
{"level":"info","module":"vpnctl","caller":"internal/vpnctl/vpnctl.go:78","time":"2025-06-13T15:02:08+09:00","message":"Cisco Secure Client process killed"}
{"level":"info","module":"vpnctl","caller":"internal/vpnctl/vpnctl.go:92","time":"2025-06-13T15:02:08+09:00","message":"Killing VPN process with PID 539"}
{"level":"error","module":"vpnctl","caller":"internal/vpnctl/vpnctl.go:95","time":"2025-06-13T15:02:08+09:00","message":"killing VPN process 539%!(EXTRA syscall.Errno=operation not permitted)"}
{"level":"info","module":"vpnctl","caller":"internal/vpnctl/vpnctl.go:98","time":"2025-06-13T15:02:08+09:00","message":"VPN disconnected and related processes killed"}
{"level":"info","module":"vpnctl","caller":"config/config.go:104","time":"2025-06-13T15:03:15+09:00","message":"Config: vpn = map[binary_path:/opt/cisco/secureclient/bin/vpn connection_retry:3 gui_path:/Applications/Cisco/Cisco Secure Client.app/]"}
{"level":"info","module":"vpnctl","caller":"config/config.go:104","time":"2025-06-13T15:03:15+09:00","message":"Config: sqlite = map[path:~/.vpnctl/vpnctl.db]"}
{"level":"info","module":"vpnctl","caller":"main.go:56","time":"2025-06-13T15:03:15+09:00","message":"/opt/cisco/secureclient/bin/vpn%!(EXTRA string= %s, string=/Applications/Cisco/Cisco Secure Client.app/)"}
{"level":"info","module":"vpnctl","caller":"internal/vpnctl/vpnctl.go:74","time":"2025-06-13T15:03:15+09:00","message":"Attempting to disconnect VPN..."}
{"level":"info","module":"vpnctl","caller":"internal/vpnctl/vpnctl.go:76","time":"2025-06-13T15:03:15+09:00","message":"VPN disconnected"}
{"level":"info","module":"vpnctl","caller":"internal/vpnctl/vpnctl.go:78","time":"2025-06-13T15:03:15+09:00","message":"Cisco Secure Client process killed"}
{"level":"info","module":"vpnctl","caller":"internal/vpnctl/vpnctl.go:92","time":"2025-06-13T15:03:15+09:00","message":"Killing VPN process with PID 539"}
{"level":"error","module":"vpnctl","caller":"internal/vpnctl/vpnctl.go:95","time":"2025-06-13T15:03:15+09:00","message":"killing VPN process 539%!(EXTRA syscall.Errno=operation not permitted)"}
{"level":"info","module":"vpnctl","caller":"internal/vpnctl/vpnctl.go:98","time":"2025-06-13T15:03:15+09:00","message":"VPN disconnected and related processes killed"}
{"level":"info","module":"vpnctl","caller":"main.go:56","time":"2025-06-13T15:07:13+09:00","message":"/opt/cisco/secureclient/bin/vpn%!(EXTRA string= %s, string=/Applications/Cisco/Cisco Secure Client.app/)"}
{"level":"info","module":"vpnctl","caller":"internal/vpnctl/vpnctl.go:74","time":"2025-06-13T15:07:13+09:00","message":"Attempting to disconnect VPN..."}
{"level":"info","module":"vpnctl","caller":"internal/vpnctl/vpnctl.go:76","time":"2025-06-13T15:07:13+09:00","message":"VPN disconnected"}
{"level":"info","module":"vpnctl","caller":"internal/vpnctl/vpnctl.go:80","time":"2025-06-13T15:07:13+09:00","message":"Cisco Secure Client UI process killed"}
{"level":"info","module":"vpnctl","caller":"internal/vpnctl/vpnctl.go:101","time":"2025-06-13T15:07:13+09:00","message":"Killing VPN process with PID 539"}
{"level":"error","module":"vpnctl","caller":"internal/vpnctl/vpnctl.go:104","time":"2025-06-13T15:07:13+09:00","message":"killing VPN process 539%!(EXTRA syscall.Errno=operation not permitted)"}
{"level":"info","module":"vpnctl","caller":"internal/vpnctl/vpnctl.go:108","time":"2025-06-13T15:07:13+09:00","message":"VPN disconnected and related processes (excluding vpnagentd) killed"}
{"level":"info","module":"vpnctl","caller":"main.go:56","time":"2025-06-13T15:07:32+09:00","message":"/opt/cisco/secureclient/bin/vpn%!(EXTRA string= %s, string=/Applications/Cisco/Cisco Secure Client.app/)"}
{"level":"info","module":"vpnctl","caller":"internal/vpnctl/vpnctl.go:74","time":"2025-06-13T15:07:32+09:00","message":"Attempting to disconnect VPN..."}
{"level":"info","module":"vpnctl","caller":"internal/vpnctl/vpnctl.go:76","time":"2025-06-13T15:07:32+09:00","message":"VPN disconnected"}
{"level":"info","module":"vpnctl","caller":"internal/vpnctl/vpnctl.go:80","time":"2025-06-13T15:07:32+09:00","message":"Cisco Secure Client UI process killed"}
{"level":"info","module":"vpnctl","caller":"internal/vpnctl/vpnctl.go:101","time":"2025-06-13T15:07:32+09:00","message":"Killing VPN process with PID 539"}
{"level":"error","module":"vpnctl","caller":"internal/vpnctl/vpnctl.go:104","time":"2025-06-13T15:07:32+09:00","message":"killing VPN process 539%!(EXTRA syscall.Errno=operation not permitted)"}
{"level":"info","module":"vpnctl","caller":"internal/vpnctl/vpnctl.go:108","time":"2025-06-13T15:07:32+09:00","message":"VPN disconnected and related processes (excluding vpnagentd) killed"}
{"level":"info","module":"vpnctl","caller":"main.go:56","time":"2025-06-13T15:09:04+09:00","message":"/opt/cisco/secureclient/bin/vpn%!(EXTRA string= %s, string=/Applications/Cisco/Cisco Secure Client.app/)"}
{"level":"info","module":"vpnctl","caller":"internal/vpnctl/vpnctl.go:74","time":"2025-06-13T15:09:04+09:00","message":"Attempting to disconnect VPN..."}
{"level":"info","module":"vpnctl","caller":"internal/vpnctl/vpnctl.go:76","time":"2025-06-13T15:09:04+09:00","message":"VPN disconnected"}
{"level":"info","module":"vpnctl","caller":"internal/vpnctl/vpnctl.go:80","time":"2025-06-13T15:09:04+09:00","message":"Cisco Secure Client UI process killed"}
{"level":"info","module":"vpnctl","caller":"internal/vpnctl/vpnctl.go:100","time":"2025-06-13T15:09:04+09:00","message":"Skipping vpnagentd process (PID 539)"}
{"level":"info","module":"vpnctl","caller":"internal/vpnctl/vpnctl.go:118","time":"2025-06-13T15:09:04+09:00","message":"VPN disconnected and related processes (excluding vpnagentd) killed"}
{"level":"info","module":"vpnctl","caller":"main.go:56","time":"2025-06-13T15:09:18+09:00","message":"/opt/cisco/secureclient/bin/vpn%!(EXTRA string= %s, string=/Applications/Cisco/Cisco Secure Client.app/)"}
{"level":"info","module":"vpnctl","caller":"internal/vpnctl/vpnctl.go:37","time":"2025-06-13T15:09:18+09:00","message":"Checking VPN status..."}
{"level":"error","module":"vpnctl","caller":"internal/vpnctl/vpnctl.go:50","time":"2025-06-13T15:09:18+09:00","message":"retrieving VPN status: exec: no command"}
{"level":"info","module":"vpnctl","caller":"main.go:56","time":"2025-06-13T15:09:49+09:00","message":"/opt/cisco/secureclient/bin/vpn%!(EXTRA string= %s, string=/Applications/Cisco/Cisco Secure Client.app/)"}
{"level":"info","module":"vpnctl","caller":"internal/vpnctl/vpnctl.go:37","time":"2025-06-13T15:09:49+09:00","message":"Checking VPN status..."}
{"level":"error","module":"vpnctl","caller":"internal/vpnctl/vpnctl.go:50","time":"2025-06-13T15:09:49+09:00","message":"retrieving VPN status: exec: no command"}
{"level":"info","module":"vpnctl","caller":"main.go:56","time":"2025-06-13T15:11:35+09:00","message":"/opt/cisco/secureclient/bin/vpn%!(EXTRA string= %s, string=/Applications/Cisco/Cisco Secure Client.app/)"}
{"level":"info","module":"vpnctl","caller":"internal/vpnctl/vpnctl.go:40","time":"2025-06-13T15:11:35+09:00","message":"Checking VPN status..."}
{"level":"error","module":"vpnctl","caller":"internal/vpnctl/vpnctl.go:55","time":"2025-06-13T15:11:35+09:00","message":"retrieving VPN status: exec: no command"}
{"level":"info","module":"vpnctl","caller":"main.go:56","time":"2025-06-13T15:15:15+09:00","message":"/opt/cisco/secureclient/bin/vpn%!(EXTRA string= %s, string=/Applications/Cisco/Cisco Secure Client.app/)"}
{"level":"info","module":"vpnctl","caller":"internal/vpnctl/vpnctl.go:40","time":"2025-06-13T15:15:15+09:00","message":"Checking VPN status..."}
{"level":"error","module":"vpnctl","caller":"internal/vpnctl/vpnctl.go:55","time":"2025-06-13T15:15:15+09:00","message":"retrieving VPN status: exec: no command"}
{"level":"info","module":"vpnctl","caller":"main.go:56","time":"2025-06-13T15:16:50+09:00","message":"/opt/cisco/secureclient/bin/vpn%!(EXTRA string= %s, string=/Applications/Cisco/Cisco Secure Client.app/)"}
{"level":"info","module":"vpnctl","caller":"internal/vpnctl/vpnctl.go:40","time":"2025-06-13T15:16:50+09:00","message":"Checking VPN status..."}
{"level":"error","module":"vpnctl","caller":"internal/vpnctl/vpnctl.go:55","time":"2025-06-13T15:16:50+09:00","message":"retrieving VPN status: exec: no command"}
{"level":"info","module":"vpnctl","caller":"main.go:56","time":"2025-06-13T15:18:19+09:00","message":"/opt/cisco/secureclient/bin/vpn%!(EXTRA string= %s, string=/Applications/Cisco/Cisco Secure Client.app/)"}
{"level":"info","module":"vpnctl","caller":"internal/vpnctl/vpnctl.go:34","time":"2025-06-13T15:18:19+09:00","message":"Checking VPN status..."}
{"level":"info","module":"vpnctl","caller":"internal/vpnctl/vpnctl.go:54","time":"2025-06-13T15:18:21+09:00","message":"VPN status retrieved successfully"}
{"level":"info","module":"vpnctl","caller":"main.go:56","time":"2025-06-13T15:19:05+09:00","message":"/opt/cisco/secureclient/bin/vpn%!(EXTRA string= %s, string=/Applications/Cisco/Cisco Secure Client.app/)"}
{"level":"info","module":"vpnctl","caller":"internal/vpnctl/vpnctl.go:34","time":"2025-06-13T15:19:06+09:00","message":"Checking VPN status..."}
{"level":"info","module":"vpnctl","caller":"internal/vpnctl/vpnctl.go:52","time":"2025-06-13T15:19:08+09:00","message":"VPN status retrieved successfully"}
{"level":"fatal","module":"vpnctl","caller":"go_vpn/config/config.go:99","time":"2025-06-13T15:27:04+09:00","message":"Failed to load config: config file not found: resource.toml"}
{"level":"fatal","module":"vpnctl","caller":"go_vpn/config/config.go:99","time":"2025-06-13T15:27:29+09:00","message":"Failed to load config: config file not found: resource.toml"}
{"level":"fatal","module":"vpnctl","caller":"go_vpn/config/config.go:99","time":"2025-06-13T15:29:02+09:00","message":"Failed to load config: config file not found: resource.toml"}
{"level":"info","module":"vpnctl","caller":"main.go:56","time":"2025-06-13T15:30:29+09:00","message":"/opt/cisco/secureclient/bin/vpn%!(EXTRA string= %s, string=/Applications/Cisco/Cisco Secure Client.app/)"}
{"level":"info","module":"vpnctl","caller":"internal/vpnctl/vpnctl.go:31","time":"2025-06-13T15:30:29+09:00","message":"Checking VPN status..."}
{"level":"info","module":"vpnctl","caller":"internal/vpnctl/vpnctl.go:49","time":"2025-06-13T15:30:31+09:00","message":"VPN status retrieved successfully"}
{"level":"fatal","module":"vpnctl","caller":"go_vpn/config/config.go:125","time":"2025-06-13T15:33:58+09:00","message":"Cannot find project root: resource.toml not found upwards from /Users/ts-rohan.das"}
{"level":"fatal","module":"vpnctl","caller":"go_vpn/config/config.go:136","time":"2025-06-13T15:36:28+09:00","message":"Failed to load config: resource.toml not found starting from /Users/ts-rohan.das"}
{"level":"fatal","module":"vpnctl","caller":"go_vpn/config/config.go:99","time":"2025-06-13T15:37:25+09:00","message":"Failed to load config: config file not found: resource.toml"}
{"level":"info","module":"vpnctl","caller":"internal/vpnctl/vpnctl.go:31","time":"2025-06-13T15:37:30+09:00","message":"Checking VPN status..."}
{"level":"info","module":"vpnctl","caller":"internal/vpnctl/vpnctl.go:49","time":"2025-06-13T15:37:32+09:00","message":"VPN status retrieved successfully"}
{"level":"fatal","module":"vpnctl","caller":"go_vpn/config/config.go:99","time":"2025-06-13T15:40:49+09:00","message":"Failed to load config: config file not found: resource.toml"}
{"level":"fatal","module":"vpnctl","caller":"go_vpn/config/config.go:99","time":"2025-06-13T15:41:24+09:00","message":"Failed to load config: config file not found: resource.toml"}
{"level":"fatal","module":"vpnctl","caller":"go_vpn/config/config.go:99","time":"2025-06-13T15:42:57+09:00","message":"Failed to load config: config file not found: resource.toml"}
{"level":"fatal","module":"vpnctl","caller":"go_vpn/config/config.go:99","time":"2025-06-13T15:43:08+09:00","message":"Failed to load config: config file not found: resource.toml"}
{"level":"info","module":"vpnctl","caller":"go_vpn/config/config.go:98","time":"2025-06-13T15:43:40+09:00","message":"Using config path: "}
{"level":"fatal","module":"vpnctl","caller":"go_vpn/config/config.go:100","time":"2025-06-13T15:43:40+09:00","message":"Failed to load config: config file not found: resource.toml"}
{"level":"info","module":"vpnctl","caller":"go_vpn/config/config.go:98","time":"2025-06-13T15:45:04+09:00","message":"Using config path: /Users/ts-rohan.das/go_vpn/resource.toml"}
{"level":"info","module":"vpnctl","caller":"go_vpn/internal/vpnctl/vpnctl.go:31","time":"2025-06-13T15:45:04+09:00","message":"Checking VPN status..."}
{"level":"info","module":"vpnctl","caller":"go_vpn/internal/vpnctl/vpnctl.go:49","time":"2025-06-13T15:45:06+09:00","message":"VPN status retrieved successfully"}
{"level":"info","module":"vpnctl","caller":"go_vpn/config/config.go:140","time":"2025-06-13T16:01:09+09:00","message":"Using config path: /Users/ts-rohan.das/go_vpn/resource.toml"}
{"level":"info","module":"vpnctl","caller":"go_vpn/internal/vpnctl/vpnctl.go:31","time":"2025-06-13T16:01:09+09:00","message":"Checking VPN status..."}
{"level":"info","module":"vpnctl","caller":"go_vpn/internal/vpnctl/vpnctl.go:49","time":"2025-06-13T16:01:11+09:00","message":"VPN status retrieved successfully"}
{"level":"info","module":"vpnctl","caller":"go_vpn/config/config.go:131","time":"2025-06-13T16:08:05+09:00","message":"Using config path: /Users/ts-rohan.das/go_vpn/resource.toml"}
{"level":"fatal","module":"vpnctl","caller":"go_vpn/config/config.go:133","time":"2025-06-13T16:08:05+09:00","message":"Failed to load config: failed to read config file /Users/ts-rohan.das/go_vpn/resource.toml: open /Users/ts-rohan.das/go_vpn/resource.toml: no such file or directory"}
{"level":"info","module":"vpnctl","caller":"go_vpn/config/config.go:131","time":"2025-06-13T16:09:04+09:00","message":"Using config path: "}
{"level":"info","module":"vpnctl","caller":"go_vpn/internal/vpnctl/vpnctl.go:31","time":"2025-06-13T16:09:04+09:00","message":"Checking VPN status..."}
{"level":"info","module":"vpnctl","caller":"go_vpn/internal/vpnctl/vpnctl.go:49","time":"2025-06-13T16:09:06+09:00","message":"VPN status retrieved successfully"}
{"level":"info","module":"vpnctl","caller":"go_vpn/config/config.go:131","time":"2025-06-13T16:22:48+09:00","message":"Using config path: "}
{"level":"info","module":"vpnctl","caller":"go_vpn/internal/vpnctl/vpnctl.go:244","time":"2025-06-13T16:22:48+09:00","message":"Initiating VPN connection using profile: dev"}
{"level":"error","module":"vpnctl","caller":"go_vpn/internal/middleware/middleware.go:28","time":"2025-06-13T16:22:48+09:00","message":"error while fetching user from db: &{%!d(string=sql: no rows in result set)}"}
{"level":"error","module":"vpnctl","caller":"go_vpn/internal/vpnctl/vpnctl.go:257","time":"2025-06-13T16:23:06+09:00","message":"Error during fetching credential no credential found for user: ts-rohan.das"}
{"level":"warn","module":"vpnctl","caller":"go_vpn/internal/vpnctl/vpnctl.go:258","time":"2025-06-13T16:23:06+09:00","message":"If you haven't set your credential yet, please use the /set-credential to register your credential; Check help for more information!"}
{"level":"error","module":"vpnctl","caller":"go_vpn/internal/vpnctl/vpnctl.go:268","time":"2025-06-13T16:23:06+09:00","message":"reading credentials%!(EXTRA *errors.errorString=no credential found for user: ts-rohan.das)"}
{"level":"info","module":"vpnctl","caller":"go_vpn/config/config.go:131","time":"2025-06-13T16:23:55+09:00","message":"Using config path: "}
{"level":"info","module":"vpnctl","caller":"go_vpn/internal/vpnctl/vpnctl.go:244","time":"2025-06-13T16:23:55+09:00","message":"Initiating VPN connection using profile: dev"}
{"level":"error","module":"vpnctl","caller":"go_vpn/internal/middleware/middleware.go:28","time":"2025-06-13T16:23:55+09:00","message":"error while fetching user from db: &{%!d(string=sql: no rows in result set)}"}
{"level":"info","module":"vpnctl","caller":"go_vpn/config/config.go:131","time":"2025-06-13T16:31:48+09:00","message":"Using config path: "}
{"level":"info","module":"vpnctl","caller":"go_vpn/internal/vpnctl/vpnctl.go:244","time":"2025-06-13T16:31:48+09:00","message":"Initiating VPN connection using profile: dev"}
{"level":"info","module":"vpnctl","caller":"go_vpn/internal/vpnctl/vpnctl.go:458","time":"2025-06-13T16:31:48+09:00","message":"Reading credentials for dev (hidden path)"}
{"level":"info","module":"vpnctl","caller":"go_vpn/internal/vpnctl/vpnctl.go:257","time":"2025-06-13T16:31:48+09:00","message":"Checking current VPN connection status..."}
{"level":"error","module":"vpnctl","caller":"go_vpn/internal/vpnctl/vpnctl.go:200","time":"2025-06-13T16:31:50+09:00","message":"failed to find process: Cisco Secure Client%!(EXTRA *exec.ExitError=exit status 1)"}
{"level":"info","module":"vpnctl","caller":"go_vpn/internal/vpnctl/vpnctl.go:283","time":"2025-06-13T16:31:52+09:00","message":"Reading VPN profile script from (hidden path)"}
{"level":"info","module":"vpnctl","caller":"go_vpn/internal/vpnctl/vpnctl.go:305","time":"2025-06-13T16:31:52+09:00","message":"Running VPN command with provided script"}
{"level":"info","module":"vpnctl","caller":"go_vpn/internal/vpnctl/vpnctl.go:184","time":"2025-06-13T16:33:20+09:00","message":"Launching Cisco Secure Client GUI..."}
{"level":"info","module":"vpnctl","caller":"go_vpn/internal/vpnctl/vpnctl.go:189","time":"2025-06-13T16:33:20+09:00","message":"Cisco GUI launched"}
{"level":"info","module":"vpnctl","caller":"../../go_vpn/config/config.go:131","time":"2025-06-13T17:14:29+09:00","message":"Using config path: "}
{"level":"info","module":"vpnctl","caller":"../../go_vpn/internal/vpnctl/vpnctl.go:244","time":"2025-06-13T17:14:39+09:00","message":"Initiating VPN connection using profile: intra"}
{"level":"info","module":"vpnctl","caller":"../../go_vpn/internal/vpnctl/vpnctl.go:458","time":"2025-06-13T17:14:39+09:00","message":"Reading credentials for intra (hidden path)"}
{"level":"info","module":"vpnctl","caller":"../../go_vpn/internal/vpnctl/vpnctl.go:257","time":"2025-06-13T17:14:39+09:00","message":"Checking current VPN connection status..."}
{"level":"info","module":"vpnctl","caller":"../../go_vpn/internal/vpnctl/vpnctl.go:212","time":"2025-06-13T17:14:41+09:00","message":"Killed Cisco Secure Client (PID 97628)"}
{"level":"info","module":"vpnctl","caller":"../../go_vpn/internal/vpnctl/vpnctl.go:283","time":"2025-06-13T17:14:43+09:00","message":"Reading VPN profile script from (hidden path)"}
{"level":"info","module":"vpnctl","caller":"../../go_vpn/internal/vpnctl/vpnctl.go:305","time":"2025-06-13T17:14:43+09:00","message":"Running VPN command with provided script"}
{"level":"info","module":"vpnctl","caller":"../../go_vpn/internal/vpnctl/vpnctl.go:184","time":"2025-06-13T17:15:39+09:00","message":"Launching Cisco Secure Client GUI..."}
{"level":"info","module":"vpnctl","caller":"../../go_vpn/internal/vpnctl/vpnctl.go:189","time":"2025-06-13T17:15:39+09:00","message":"Cisco GUI launched"}
{"level":"info","module":"vpnctl","caller":"../../go_vpn/config/config.go:131","time":"2025-06-13T17:16:06+09:00","message":"Using config path: "}
{"level":"info","module":"vpnctl","caller":"../../go_vpn/config/config.go:131","time":"2025-06-13T18:02:40+09:00","message":"Using config path: "}
{"level":"info","module":"vpnctl","caller":"go_vpn/config/config.go:131","time":"2025-06-13T18:20:03+09:00","message":"Using config path: "}
{"level":"info","module":"vpnctl","caller":"go_vpn/internal/vpnctl/vpnctl.go:31","time":"2025-06-13T18:20:11+09:00","message":"Checking VPN status..."}
{"level":"info","module":"vpnctl","caller":"go_vpn/internal/vpnctl/vpnctl.go:49","time":"2025-06-13T18:20:13+09:00","message":"VPN status retrieved successfully"}
{"level":"info","module":"vpnctl","caller":"go_vpn/config/config.go:131","time":"2025-06-13T18:20:23+09:00","message":"Using config path: "}
{"level":"info","module":"vpnctl","caller":"go_vpn/internal/vpnctl/vpnctl.go:244","time":"2025-06-13T18:20:30+09:00","message":"Initiating VPN connection using profile: intra"}
{"level":"info","module":"vpnctl","caller":"go_vpn/internal/vpnctl/vpnctl.go:458","time":"2025-06-13T18:20:30+09:00","message":"Reading credentials for intra (hidden path)"}
{"level":"info","module":"vpnctl","caller":"go_vpn/internal/vpnctl/vpnctl.go:257","time":"2025-06-13T18:20:30+09:00","message":"Checking current VPN connection status..."}
{"level":"info","module":"vpnctl","caller":"go_vpn/internal/vpnctl/vpnctl.go:269","time":"2025-06-13T18:20:32+09:00","message":"Last connected VPN profile: "}
{"level":"info","module":"vpnctl","caller":"go_vpn/internal/vpnctl/vpnctl.go:275","time":"2025-06-13T18:20:32+09:00","message":"VPN connected to profile , switching to intra..."}
{"level":"info","module":"vpnctl","caller":"go_vpn/internal/vpnctl/vpnctl.go:116","time":"2025-06-13T18:20:32+09:00","message":"Attempting to disconnect VPN..."}
{"level":"info","module":"vpnctl","caller":"go_vpn/internal/vpnctl/vpnctl.go:118","time":"2025-06-13T18:20:33+09:00","message":"VPN disconnected"}
{"level":"info","module":"vpnctl","caller":"go_vpn/internal/vpnctl/vpnctl.go:120","time":"2025-06-13T18:20:33+09:00","message":"Cisco Secure Client process killed"}
{"level":"error","module":"vpnctl","caller":"go_vpn/internal/vpnctl/vpnctl.go:200","time":"2025-06-13T18:20:33+09:00","message":"failed to find process: Cisco Secure Client%!(EXTRA *exec.ExitError=exit status 1)"}
{"level":"info","module":"vpnctl","caller":"go_vpn/internal/vpnctl/vpnctl.go:283","time":"2025-06-13T18:20:35+09:00","message":"Reading VPN profile script from (hidden path)"}
{"level":"info","module":"vpnctl","caller":"go_vpn/internal/vpnctl/vpnctl.go:305","time":"2025-06-13T18:20:35+09:00","message":"Running VPN command with provided script"}
{"level":"info","module":"vpnctl","caller":"go_vpn/config/config.go:131","time":"2025-06-13T18:22:53+09:00","message":"Using config path: "}
{"level":"info","module":"vpnctl","caller":"go_vpn/internal/vpnctl/vpnctl.go:244","time":"2025-06-13T18:23:01+09:00","message":"Initiating VPN connection using profile: intra"}
{"level":"info","module":"vpnctl","caller":"go_vpn/internal/vpnctl/vpnctl.go:458","time":"2025-06-13T18:23:01+09:00","message":"Reading credentials for intra (hidden path)"}
{"level":"info","module":"vpnctl","caller":"go_vpn/internal/vpnctl/vpnctl.go:257","time":"2025-06-13T18:23:01+09:00","message":"Checking current VPN connection status..."}
{"level":"error","module":"vpnctl","caller":"go_vpn/internal/vpnctl/vpnctl.go:200","time":"2025-06-13T18:23:04+09:00","message":"failed to find process: Cisco Secure Client%!(EXTRA *exec.ExitError=exit status 1)"}
{"level":"info","module":"vpnctl","caller":"go_vpn/internal/vpnctl/vpnctl.go:283","time":"2025-06-13T18:23:06+09:00","message":"Reading VPN profile script from (hidden path)"}
{"level":"info","module":"vpnctl","caller":"go_vpn/internal/vpnctl/vpnctl.go:305","time":"2025-06-13T18:23:06+09:00","message":"Running VPN command with provided script"}
{"level":"info","module":"vpnctl","caller":"go_vpn/config/config.go:131","time":"2025-06-13T18:24:45+09:00","message":"Using config path: "}
{"level":"info","module":"vpnctl","caller":"go_vpn/internal/vpnctl/vpnctl.go:244","time":"2025-06-13T18:25:01+09:00","message":"Initiating VPN connection using profile: intra"}
{"level":"info","module":"vpnctl","caller":"go_vpn/internal/vpnctl/vpnctl.go:458","time":"2025-06-13T18:25:01+09:00","message":"Reading credentials for intra (hidden path)"}
{"level":"info","module":"vpnctl","caller":"go_vpn/internal/vpnctl/vpnctl.go:257","time":"2025-06-13T18:25:01+09:00","message":"Checking current VPN connection status..."}
{"level":"error","module":"vpnctl","caller":"go_vpn/internal/vpnctl/vpnctl.go:200","time":"2025-06-13T18:25:03+09:00","message":"failed to find process: Cisco Secure Client%!(EXTRA *exec.ExitError=exit status 1)"}
{"level":"info","module":"vpnctl","caller":"go_vpn/internal/vpnctl/vpnctl.go:244","time":"2025-06-13T19:59:46+09:00","message":"Initiating VPN connection using profile: intra"}
{"level":"info","module":"vpnctl","caller":"go_vpn/internal/vpnctl/vpnctl.go:458","time":"2025-06-13T19:59:46+09:00","message":"Reading credentials for intra (hidden path)"}
{"level":"info","module":"vpnctl","caller":"go_vpn/internal/vpnctl/vpnctl.go:257","time":"2025-06-13T19:59:46+09:00","message":"Checking current VPN connection status..."}
{"level":"error","module":"vpnctl","caller":"go_vpn/internal/vpnctl/vpnctl.go:200","time":"2025-06-13T19:59:48+09:00","message":"failed to find process: Cisco Secure Client%!(EXTRA *exec.ExitError=exit status 1)"}
{"level":"info","module":"vpnctl","caller":"go_vpn/internal/vpnctl/vpnctl.go:283","time":"2025-06-13T19:59:50+09:00","message":"Reading VPN profile script from (hidden path)"}
{"level":"info","module":"vpnctl","caller":"go_vpn/internal/vpnctl/vpnctl.go:305","time":"2025-06-13T19:59:50+09:00","message":"Running VPN command with provided script"}
{"level":"info","module":"vpnctl","caller":"go_vpn/internal/vpnctl/vpnctl.go:184","time":"2025-06-13T20:00:49+09:00","message":"Launching Cisco Secure Client GUI..."}
{"level":"info","module":"vpnctl","caller":"go_vpn/internal/vpnctl/vpnctl.go:189","time":"2025-06-13T20:00:49+09:00","message":"Cisco GUI launched"}
{"level":"info","module":"vpnctl","caller":"go_vpn/internal/vpnctl/vpnctl.go:244","time":"2025-06-13T20:00:56+09:00","message":"Initiating VPN connection using profile: intra"}
{"level":"info","module":"vpnctl","caller":"go_vpn/internal/vpnctl/vpnctl.go:458","time":"2025-06-13T20:00:56+09:00","message":"Reading credentials for intra (hidden path)"}
{"level":"info","module":"vpnctl","caller":"go_vpn/internal/vpnctl/vpnctl.go:257","time":"2025-06-13T20:00:56+09:00","message":"Checking current VPN connection status..."}
{"level":"info","module":"vpnctl","caller":"go_vpn/internal/vpnctl/vpnctl.go:269","time":"2025-06-13T20:00:58+09:00","message":"Last connected VPN profile: "}
{"level":"info","module":"vpnctl","caller":"go_vpn/internal/vpnctl/vpnctl.go:275","time":"2025-06-13T20:00:58+09:00","message":"VPN connected to profile , switching to intra..."}
{"level":"info","module":"vpnctl","caller":"go_vpn/internal/vpnctl/vpnctl.go:116","time":"2025-06-13T20:00:58+09:00","message":"Attempting to disconnect VPN..."}
{"level":"info","module":"vpnctl","caller":"go_vpn/internal/vpnctl/vpnctl.go:118","time":"2025-06-13T20:00:59+09:00","message":"VPN disconnected"}
{"level":"info","module":"vpnctl","caller":"go_vpn/internal/vpnctl/vpnctl.go:120","time":"2025-06-13T20:00:59+09:00","message":"Cisco Secure Client process killed"}
{"level":"error","module":"vpnctl","caller":"go_vpn/internal/vpnctl/vpnctl.go:200","time":"2025-06-13T20:00:59+09:00","message":"failed to find process: Cisco Secure Client%!(EXTRA *exec.ExitError=exit status 1)"}
{"level":"info","module":"vpnctl","caller":"go_vpn/internal/vpnctl/vpnctl.go:283","time":"2025-06-13T20:01:01+09:00","message":"Reading VPN profile script from (hidden path)"}
{"level":"info","module":"vpnctl","caller":"go_vpn/internal/vpnctl/vpnctl.go:305","time":"2025-06-13T20:01:01+09:00","message":"Running VPN command with provided script"}
{"level":"info","module":"vpnctl","caller":"go_vpn/internal/vpnctl/vpnctl.go:244","time":"2025-06-13T20:07:05+09:00","message":"Initiating VPN connection using profile: intra"}
{"level":"info","module":"vpnctl","caller":"go_vpn/internal/vpnctl/vpnctl.go:458","time":"2025-06-13T20:07:05+09:00","message":"Reading credentials for intra (hidden path)"}
{"level":"info","module":"vpnctl","caller":"go_vpn/internal/vpnctl/vpnctl.go:257","time":"2025-06-13T20:07:05+09:00","message":"Checking current VPN connection status..."}
{"level":"error","module":"vpnctl","caller":"go_vpn/internal/vpnctl/vpnctl.go:200","time":"2025-06-13T20:07:07+09:00","message":"failed to find process: Cisco Secure Client%!(EXTRA *exec.ExitError=exit status 1)"}
{"level":"info","module":"vpnctl","caller":"go_vpn/internal/vpnctl/vpnctl.go:283","time":"2025-06-13T20:07:09+09:00","message":"Reading VPN profile script from (hidden path)"}
{"level":"info","module":"vpnctl","caller":"go_vpn/internal/vpnctl/vpnctl.go:305","time":"2025-06-13T20:07:09+09:00","message":"Running VPN command with provided script"}
{"level":"info","module":"vpnctl","caller":"go_vpn/internal/vpnctl/vpnctl.go:184","time":"2025-06-13T20:08:08+09:00","message":"Launching Cisco Secure Client GUI..."}
{"level":"info","module":"vpnctl","caller":"go_vpn/internal/vpnctl/vpnctl.go:189","time":"2025-06-13T20:08:08+09:00","message":"Cisco GUI launched"}
{"level":"info","module":"vpnctl","caller":"go_vpn/internal/vpnctl/vpnctl.go:244","time":"2025-06-13T20:08:12+09:00","message":"Initiating VPN connection using profile: intra"}
{"level":"info","module":"vpnctl","caller":"go_vpn/internal/vpnctl/vpnctl.go:458","time":"2025-06-13T20:08:12+09:00","message":"Reading credentials for intra (hidden path)"}
{"level":"info","module":"vpnctl","caller":"go_vpn/internal/vpnctl/vpnctl.go:257","time":"2025-06-13T20:08:12+09:00","message":"Checking current VPN connection status..."}
{"level":"error","module":"vpnctl","caller":"go_vpn/internal/vpnctl/vpnctl.go:267","time":"2025-06-13T20:08:14+09:00","message":"retrieve error: scan error (maybe no profile stored yet): sql: no rows in result set"}
{"level":"info","module":"vpnctl","caller":"go_vpn/internal/vpnctl/vpnctl.go:269","time":"2025-06-13T20:08:14+09:00","message":"Last connected VPN profile: "}
{"level":"info","module":"vpnctl","caller":"go_vpn/internal/vpnctl/vpnctl.go:275","time":"2025-06-13T20:08:14+09:00","message":"VPN connected to profile , switching to intra..."}
{"level":"info","module":"vpnctl","caller":"go_vpn/internal/vpnctl/vpnctl.go:116","time":"2025-06-13T20:08:14+09:00","message":"Attempting to disconnect VPN..."}
{"level":"info","module":"vpnctl","caller":"go_vpn/internal/vpnctl/vpnctl.go:118","time":"2025-06-13T20:08:15+09:00","message":"VPN disconnected"}
{"level":"info","module":"vpnctl","caller":"go_vpn/internal/vpnctl/vpnctl.go:120","time":"2025-06-13T20:08:15+09:00","message":"Cisco Secure Client process killed"}
{"level":"error","module":"vpnctl","caller":"go_vpn/internal/vpnctl/vpnctl.go:200","time":"2025-06-13T20:08:15+09:00","message":"failed to find process: Cisco Secure Client%!(EXTRA *exec.ExitError=exit status 1)"}
{"level":"info","module":"vpnctl","caller":"go_vpn/internal/vpnctl/vpnctl.go:244","time":"2025-06-13T20:14:48+09:00","message":"Initiating VPN connection using profile: intra"}
{"level":"info","module":"vpnctl","caller":"go_vpn/internal/vpnctl/vpnctl.go:458","time":"2025-06-13T20:14:48+09:00","message":"Reading credentials for intra (hidden path)"}
{"level":"info","module":"vpnctl","caller":"go_vpn/internal/vpnctl/vpnctl.go:257","time":"2025-06-13T20:14:48+09:00","message":"Checking current VPN connection status..."}
{"level":"error","module":"vpnctl","caller":"go_vpn/internal/vpnctl/vpnctl.go:200","time":"2025-06-13T20:14:50+09:00","message":"failed to find process: Cisco Secure Client%!(EXTRA *exec.ExitError=exit status 1)"}
{"level":"info","module":"vpnctl","caller":"go_vpn/internal/vpnctl/vpnctl.go:283","time":"2025-06-13T20:14:52+09:00","message":"Reading VPN profile script from (hidden path)"}
{"level":"info","module":"vpnctl","caller":"go_vpn/internal/vpnctl/vpnctl.go:305","time":"2025-06-13T20:14:52+09:00","message":"Running VPN command with provided script"}
{"level":"info","module":"vpnctl","caller":"go_vpn/internal/vpnctl/vpnctl.go:184","time":"2025-06-13T20:15:51+09:00","message":"Launching Cisco Secure Client GUI..."}
{"level":"info","module":"vpnctl","caller":"go_vpn/internal/vpnctl/vpnctl.go:189","time":"2025-06-13T20:15:51+09:00","message":"Cisco GUI launched"}
{"level":"info","module":"vpnctl","caller":"go_vpn/internal/vpnctl/vpnctl.go:244","time":"2025-06-13T20:16:04+09:00","message":"Initiating VPN connection using profile: intra"}
{"level":"info","module":"vpnctl","caller":"go_vpn/internal/vpnctl/vpnctl.go:458","time":"2025-06-13T20:16:04+09:00","message":"Reading credentials for intra (hidden path)"}
{"level":"info","module":"vpnctl","caller":"go_vpn/internal/vpnctl/vpnctl.go:257","time":"2025-06-13T20:16:04+09:00","message":"Checking current VPN connection status..."}
{"level":"error","module":"vpnctl","caller":"go_vpn/internal/vpnctl/vpnctl.go:267","time":"2025-06-13T20:16:06+09:00","message":"retrieve error: scan error (maybe no profile stored yet): sql: no rows in result set"}
{"level":"info","module":"vpnctl","caller":"go_vpn/internal/vpnctl/vpnctl.go:269","time":"2025-06-13T20:16:06+09:00","message":"Last connected VPN profile: "}
{"level":"info","module":"vpnctl","caller":"go_vpn/internal/vpnctl/vpnctl.go:275","time":"2025-06-13T20:16:06+09:00","message":"VPN connected to profile , switching to intra..."}
{"level":"info","module":"vpnctl","caller":"go_vpn/internal/vpnctl/vpnctl.go:116","time":"2025-06-13T20:16:06+09:00","message":"Attempting to disconnect VPN..."}
{"level":"info","module":"vpnctl","caller":"go_vpn/internal/vpnctl/vpnctl.go:244","time":"2025-06-13T20:18:29+09:00","message":"Initiating VPN connection using profile: intra"}
{"level":"info","module":"vpnctl","caller":"go_vpn/internal/vpnctl/vpnctl.go:458","time":"2025-06-13T20:18:29+09:00","message":"Reading credentials for intra (hidden path)"}
{"level":"info","module":"vpnctl","caller":"go_vpn/internal/vpnctl/vpnctl.go:257","time":"2025-06-13T20:18:29+09:00","message":"Checking current VPN connection status..."}
{"level":"info","module":"vpnctl","caller":"go_vpn/internal/vpnctl/vpnctl.go:212","time":"2025-06-13T20:18:31+09:00","message":"Killed Cisco Secure Client (PID 59382)"}
{"level":"info","module":"vpnctl","caller":"go_vpn/internal/vpnctl/vpnctl.go:283","time":"2025-06-13T20:18:33+09:00","message":"Reading VPN profile script from (hidden path)"}
{"level":"info","module":"vpnctl","caller":"go_vpn/internal/vpnctl/vpnctl.go:305","time":"2025-06-13T20:18:33+09:00","message":"Running VPN command with provided script"}
{"level":"info","module":"vpnctl","caller":"go_vpn/internal/vpnctl/vpnctl.go:184","time":"2025-06-13T20:19:32+09:00","message":"Launching Cisco Secure Client GUI..."}
{"level":"info","module":"vpnctl","caller":"go_vpn/internal/vpnctl/vpnctl.go:189","time":"2025-06-13T20:19:32+09:00","message":"Cisco GUI launched"}
{"level":"info","module":"vpnctl","caller":"go_vpn/internal/vpnctl/vpnctl.go:244","time":"2025-06-13T20:19:51+09:00","message":"Initiating VPN connection using profile: intra"}
{"level":"info","module":"vpnctl","caller":"go_vpn/internal/vpnctl/vpnctl.go:458","time":"2025-06-13T20:19:51+09:00","message":"Reading credentials for intra (hidden path)"}
{"level":"info","module":"vpnctl","caller":"go_vpn/internal/vpnctl/vpnctl.go:257","time":"2025-06-13T20:19:51+09:00","message":"Checking current VPN connection status..."}
{"level":"info","module":"vpnctl","caller":"go_vpn/internal/middleware/middleware.go:162","time":"2025-06-13T20:19:53+09:00","message":"Last connected profile: intra"}
{"level":"info","module":"vpnctl","caller":"go_vpn/internal/vpnctl/vpnctl.go:269","time":"2025-06-13T20:19:53+09:00","message":"Last connected VPN profile: intra"}
{"level":"info","module":"vpnctl","caller":"go_vpn/internal/vpnctl/vpnctl.go:272","time":"2025-06-13T20:19:53+09:00","message":"VPN already connected to profile: intra. Aborting connect operation."}
{"level":"info","module":"vpnctl","caller":"internal/vpnctl/vpnctl.go:244","time":"2025-06-16T16:50:14+09:00","message":"Initiating VPN connection using profile: intra"}
{"level":"info","module":"vpnctl","caller":"internal/vpnctl/vpnctl.go:458","time":"2025-06-16T16:50:14+09:00","message":"Reading credentials for intra (hidden path)"}
{"level":"info","module":"vpnctl","caller":"internal/vpnctl/vpnctl.go:257","time":"2025-06-16T16:50:14+09:00","message":"Checking current VPN connection status..."}
{"level":"info","module":"vpnctl","caller":"internal/middleware/middleware.go:162","time":"2025-06-16T16:50:17+09:00","message":"Last connected profile: intra"}
{"level":"info","module":"vpnctl","caller":"internal/vpnctl/vpnctl.go:269","time":"2025-06-16T16:50:17+09:00","message":"Last connected VPN profile: intra"}
{"level":"info","module":"vpnctl","caller":"internal/vpnctl/vpnctl.go:272","time":"2025-06-16T16:50:17+09:00","message":"VPN already connected to profile: intra. Aborting connect operation."}
{"level":"info","module":"vpnctl","caller":"go_vpn/internal/vpnctl/vpnctl.go:244","time":"2025-06-16T16:51:08+09:00","message":"Initiating VPN connection using profile: dev"}
{"level":"info","module":"vpnctl","caller":"go_vpn/internal/vpnctl/vpnctl.go:458","time":"2025-06-16T16:51:08+09:00","message":"Reading credentials for dev (hidden path)"}
{"level":"info","module":"vpnctl","caller":"go_vpn/internal/vpnctl/vpnctl.go:257","time":"2025-06-16T16:51:08+09:00","message":"Checking current VPN connection status..."}
{"level":"info","module":"vpnctl","caller":"go_vpn/internal/middleware/middleware.go:162","time":"2025-06-16T16:51:11+09:00","message":"Last connected profile: intra"}
{"level":"info","module":"vpnctl","caller":"go_vpn/internal/vpnctl/vpnctl.go:269","time":"2025-06-16T16:51:11+09:00","message":"Last connected VPN profile: intra"}
{"level":"info","module":"vpnctl","caller":"go_vpn/internal/vpnctl/vpnctl.go:275","time":"2025-06-16T16:51:11+09:00","message":"VPN connected to profile intra, switching to dev..."}
{"level":"info","module":"vpnctl","caller":"go_vpn/internal/vpnctl/vpnctl.go:116","time":"2025-06-16T16:51:11+09:00","message":"Attempting to disconnect VPN..."}
{"level":"info","module":"vpnctl","caller":"go_vpn/internal/vpnctl/vpnctl.go:118","time":"2025-06-16T16:51:11+09:00","message":"VPN disconnected"}
{"level":"info","module":"vpnctl","caller":"go_vpn/internal/vpnctl/vpnctl.go:120","time":"2025-06-16T16:51:12+09:00","message":"Cisco Secure Client process killed"}
{"level":"error","module":"vpnctl","caller":"go_vpn/internal/vpnctl/vpnctl.go:200","time":"2025-06-16T16:51:12+09:00","message":"failed to find process: Cisco Secure Client%!(EXTRA *exec.ExitError=exit status 1)"}
{"level":"info","module":"vpnctl","caller":"go_vpn/internal/vpnctl/vpnctl.go:283","time":"2025-06-16T16:51:14+09:00","message":"Reading VPN profile script from (hidden path)"}
{"level":"info","module":"vpnctl","caller":"go_vpn/internal/vpnctl/vpnctl.go:305","time":"2025-06-16T16:51:14+09:00","message":"Running VPN command with provided script"}
{"level":"info","module":"vpnctl","caller":"go_vpn/internal/vpnctl/vpnctl.go:244","time":"2025-06-16T16:52:04+09:00","message":"Initiating VPN connection using profile: intra"}
{"level":"info","module":"vpnctl","caller":"go_vpn/internal/vpnctl/vpnctl.go:458","time":"2025-06-16T16:52:04+09:00","message":"Reading credentials for intra (hidden path)"}
{"level":"info","module":"vpnctl","caller":"go_vpn/internal/vpnctl/vpnctl.go:257","time":"2025-06-16T16:52:04+09:00","message":"Checking current VPN connection status..."}
{"level":"error","module":"vpnctl","caller":"go_vpn/internal/vpnctl/vpnctl.go:200","time":"2025-06-16T16:52:06+09:00","message":"failed to find process: Cisco Secure Client%!(EXTRA *exec.ExitError=exit status 1)"}
{"level":"info","module":"vpnctl","caller":"go_vpn/internal/vpnctl/vpnctl.go:283","time":"2025-06-16T16:52:08+09:00","message":"Reading VPN profile script from (hidden path)"}
{"level":"info","module":"vpnctl","caller":"go_vpn/internal/vpnctl/vpnctl.go:305","time":"2025-06-16T16:52:08+09:00","message":"Running VPN command with provided script"}
{"level":"info","module":"vpnctl","caller":"go_vpn/internal/vpnctl/vpnctl.go:244","time":"2025-06-16T16:52:16+09:00","message":"Initiating VPN connection using profile: dev"}
{"level":"info","module":"vpnctl","caller":"go_vpn/internal/vpnctl/vpnctl.go:458","time":"2025-06-16T16:52:16+09:00","message":"Reading credentials for dev (hidden path)"}
{"level":"info","module":"vpnctl","caller":"go_vpn/internal/vpnctl/vpnctl.go:257","time":"2025-06-16T16:52:16+09:00","message":"Checking current VPN connection status..."}
{"level":"error","module":"vpnctl","caller":"go_vpn/internal/vpnctl/vpnctl.go:200","time":"2025-06-16T16:52:19+09:00","message":"failed to find process: Cisco Secure Client%!(EXTRA *exec.ExitError=exit status 1)"}
{"level":"info","module":"vpnctl","caller":"go_vpn/internal/vpnctl/vpnctl.go:283","time":"2025-06-16T16:52:21+09:00","message":"Reading VPN profile script from (hidden path)"}
{"level":"info","module":"vpnctl","caller":"go_vpn/internal/vpnctl/vpnctl.go:305","time":"2025-06-16T16:52:21+09:00","message":"Running VPN command with provided script"}
{"level":"info","module":"vpnctl","caller":"go_vpn/internal/vpnctl/vpnctl.go:244","time":"2025-06-16T17:08:10+09:00","message":"Initiating VPN connection using profile: dev"}
{"level":"info","module":"vpnctl","caller":"go_vpn/internal/vpnctl/vpnctl.go:458","time":"2025-06-16T17:08:10+09:00","message":"Reading credentials for dev (hidden path)"}
{"level":"info","module":"vpnctl","caller":"go_vpn/internal/vpnctl/vpnctl.go:257","time":"2025-06-16T17:08:10+09:00","message":"Checking current VPN connection status..."}
{"level":"warn","module":"vpnctl","caller":"go_vpn/main.go:81","time":"2025-06-16T17:08:59+09:00","message":"Please specify profile: intra or dev"}
{"level":"warn","module":"vpnctl","caller":"go_vpn/main.go:112","time":"2025-06-16T17:12:37+09:00","message":"Unknown command: test"}
{"level":"info","module":"vpnctl","caller":"go_vpn/internal/vpnctl/vpnctl.go:32","time":"2025-06-16T20:42:22+09:00","message":"Checking VPN status..."}
{"level":"info","module":"vpnctl","caller":"go_vpn/internal/vpnctl/vpnctl.go:50","time":"2025-06-16T20:42:24+09:00","message":"VPN status retrieved successfully"}
{"level":"info","module":"vpnctl","caller":"go_vpn/internal/vpnctl/vpnctl.go:245","time":"2025-06-16T20:42:41+09:00","message":"Initiating VPN connection using profile: dev"}
{"level":"info","module":"vpnctl","caller":"go_vpn/internal/vpnctl/vpnctl.go:260","time":"2025-06-16T20:42:41+09:00","message":"Checking current VPN connection status..."}
{"level":"error","module":"vpnctl","caller":"go_vpn/internal/vpnctl/vpnctl.go:201","time":"2025-06-16T20:42:43+09:00","message":"failed to find process: Cisco Secure Client%!(EXTRA *exec.ExitError=exit status 1)"}
{"level":"info","module":"vpnctl","caller":"go_vpn/internal/vpnctl/vpnctl.go:286","time":"2025-06-16T20:42:45+09:00","message":"Reading VPN profile script from (hidden path)"}
{"level":"info","module":"vpnctl","caller":"go_vpn/internal/vpnctl/vpnctl.go:308","time":"2025-06-16T20:42:45+09:00","message":"Running VPN command with provided script"}
{"level":"info","module":"vpnctl","caller":"go_vpn/internal/vpnctl/vpnctl.go:185","time":"2025-06-16T20:44:18+09:00","message":"Launching Cisco Secure Client GUI..."}
{"level":"info","module":"vpnctl","caller":"go_vpn/internal/vpnctl/vpnctl.go:190","time":"2025-06-16T20:44:18+09:00","message":"Cisco GUI launched"}
{"level":"info","module":"vpnctl","caller":"go_vpn/internal/vpnctl/vpnctl.go:245","time":"2025-06-16T20:46:21+09:00","message":"Initiating VPN connection using profile: dev"}
{"level":"info","module":"vpnctl","caller":"go_vpn/internal/vpnctl/vpnctl.go:260","time":"2025-06-16T20:46:21+09:00","message":"Checking current VPN connection status..."}
{"level":"info","module":"vpnctl","caller":"go_vpn/internal/vpnctl/vpnctl.go:245","time":"2025-06-16T20:46:39+09:00","message":"Initiating VPN connection using profile: intra"}
{"level":"info","module":"vpnctl","caller":"go_vpn/internal/vpnctl/vpnctl.go:260","time":"2025-06-16T20:46:39+09:00","message":"Checking current VPN connection status..."}
{"level":"info","module":"vpnctl","caller":"go_vpn/internal/vpnctl/vpnctl.go:213","time":"2025-06-16T20:46:41+09:00","message":"Killed Cisco Secure Client (PID 91185)"}
{"level":"info","module":"vpnctl","caller":"go_vpn/internal/vpnctl/vpnctl.go:286","time":"2025-06-16T20:46:43+09:00","message":"Reading VPN profile script from (hidden path)"}
{"level":"info","module":"vpnctl","caller":"go_vpn/internal/vpnctl/vpnctl.go:308","time":"2025-06-16T20:46:43+09:00","message":"Running VPN command with provided script"}
{"level":"info","module":"vpnctl","caller":"go_vpn/internal/vpnctl/vpnctl.go:245","time":"2025-06-16T20:46:53+09:00","message":"Initiating VPN connection using profile: dev"}
{"level":"info","module":"vpnctl","caller":"go_vpn/internal/vpnctl/vpnctl.go:260","time":"2025-06-16T20:46:53+09:00","message":"Checking current VPN connection status..."}
{"level":"info","module":"vpnctl","caller":"go_vpn/internal/vpnctl/vpnctl.go:245","time":"2025-06-16T20:46:58+09:00","message":"Initiating VPN connection using profile: intra"}
{"level":"info","module":"vpnctl","caller":"go_vpn/internal/vpnctl/vpnctl.go:260","time":"2025-06-16T20:46:58+09:00","message":"Checking current VPN connection status..."}
{"level":"error","module":"vpnctl","caller":"go_vpn/internal/vpnctl/vpnctl.go:201","time":"2025-06-16T20:47:00+09:00","message":"failed to find process: Cisco Secure Client%!(EXTRA *exec.ExitError=exit status 1)"}
{"level":"info","module":"vpnctl","caller":"go_vpn/internal/vpnctl/vpnctl.go:286","time":"2025-06-16T20:47:02+09:00","message":"Reading VPN profile script from (hidden path)"}
{"level":"info","module":"vpnctl","caller":"go_vpn/internal/vpnctl/vpnctl.go:308","time":"2025-06-16T20:47:02+09:00","message":"Running VPN command with provided script"}
{"level":"info","module":"vpnctl","caller":"go_vpn/internal/vpnctl/vpnctl.go:245","time":"2025-06-16T20:51:05+09:00","message":"Initiating VPN connection using profile: intra"}
{"level":"info","module":"vpnctl","caller":"go_vpn/internal/vpnctl/vpnctl.go:260","time":"2025-06-16T20:51:05+09:00","message":"Checking current VPN connection status..."}
{"level":"info","module":"vpnctl","caller":"go_vpn/internal/vpnctl/vpnctl.go:245","time":"2025-06-17T09:12:49+09:00","message":"Initiating VPN connection using profile: intra"}
{"level":"info","module":"vpnctl","caller":"go_vpn/internal/vpnctl/vpnctl.go:260","time":"2025-06-17T09:12:49+09:00","message":"Checking current VPN connection status..."}
{"level":"error","module":"vpnctl","caller":"go_vpn/internal/vpnctl/vpnctl.go:201","time":"2025-06-17T09:12:51+09:00","message":"failed to find process: Cisco Secure Client%!(EXTRA *exec.ExitError=exit status 1)"}
{"level":"info","module":"vpnctl","caller":"go_vpn/internal/vpnctl/vpnctl.go:286","time":"2025-06-17T09:12:53+09:00","message":"Reading VPN profile script from (hidden path)"}
{"level":"info","module":"vpnctl","caller":"go_vpn/internal/vpnctl/vpnctl.go:308","time":"2025-06-17T09:12:53+09:00","message":"Running VPN command with provided script"}
{"level":"info","module":"vpnctl","caller":"go_vpn/internal/vpnctl/vpnctl.go:185","time":"2025-06-17T09:13:52+09:00","message":"Launching Cisco Secure Client GUI..."}
{"level":"info","module":"vpnctl","caller":"go_vpn/internal/vpnctl/vpnctl.go:190","time":"2025-06-17T09:13:52+09:00","message":"Cisco GUI launched"}
{"level":"info","module":"vpnctl","caller":"go_vpn/internal/vpnctl/vpnctl.go:245","time":"2025-06-17T09:26:36+09:00","message":"Initiating VPN connection using profile: dev"}
{"level":"info","module":"vpnctl","caller":"go_vpn/internal/vpnctl/vpnctl.go:260","time":"2025-06-17T09:26:36+09:00","message":"Checking current VPN connection status..."}
{"level":"info","module":"vpnctl","caller":"go_vpn/internal/middleware/middleware.go:163","time":"2025-06-17T09:26:39+09:00","message":"Last connected profile: intra"}
{"level":"info","module":"vpnctl","caller":"go_vpn/internal/vpnctl/vpnctl.go:272","time":"2025-06-17T09:26:39+09:00","message":"Last connected VPN profile: intra"}
{"level":"info","module":"vpnctl","caller":"go_vpn/internal/vpnctl/vpnctl.go:278","time":"2025-06-17T09:26:39+09:00","message":"VPN connected to profile intra, switching to dev..."}
{"level":"info","module":"vpnctl","caller":"go_vpn/internal/vpnctl/vpnctl.go:117","time":"2025-06-17T09:26:39+09:00","message":"Attempting to disconnect VPN..."}
{"level":"info","module":"vpnctl","caller":"go_vpn/internal/vpnctl/vpnctl.go:119","time":"2025-06-17T09:26:41+09:00","message":"VPN disconnected"}
{"level":"info","module":"vpnctl","caller":"go_vpn/internal/vpnctl/vpnctl.go:121","time":"2025-06-17T09:26:41+09:00","message":"Cisco Secure Client process killed"}
{"level":"error","module":"vpnctl","caller":"go_vpn/internal/vpnctl/vpnctl.go:201","time":"2025-06-17T09:26:42+09:00","message":"failed to find process: Cisco Secure Client%!(EXTRA *exec.ExitError=exit status 1)"}
{"level":"info","module":"vpnctl","caller":"go_vpn/internal/vpnctl/vpnctl.go:286","time":"2025-06-17T09:26:44+09:00","message":"Reading VPN profile script from (hidden path)"}
{"level":"info","module":"vpnctl","caller":"go_vpn/internal/vpnctl/vpnctl.go:308","time":"2025-06-17T09:26:44+09:00","message":"Running VPN command with provided script"}
{"level":"info","module":"vpnctl","caller":"go_vpn/internal/vpnctl/vpnctl.go:185","time":"2025-06-17T09:27:47+09:00","message":"Launching Cisco Secure Client GUI..."}
{"level":"info","module":"vpnctl","caller":"go_vpn/internal/vpnctl/vpnctl.go:190","time":"2025-06-17T09:27:47+09:00","message":"Cisco GUI launched"}
